2024-10-13 19:59:44,325 [INFO] Activator:176 - 


2024-10-13 19:59:44,331 [INFO] Activator:177 - !SESSION log4j initialized
2024-10-13 19:59:49,958 [INFO] LogOutputStream:77 - [STDOUT_REDIRECT] 
2024-10-13 19:59:50,983 [INFO] ApplicationProperties:184 - Using Application install path: C:\ST\STM32CubeIDE_1.16.1\STM32CubeIDE\plugins\com.st.stm32cube.common.mx_6.12.1.202409122256
2024-10-13 19:59:50,996 [INFO] DbMcusXml:78 - Set database path to: C:\ST\STM32CubeIDE_1.16.1\STM32CubeIDE\plugins\com.st.stm32cube.common.mx_6.12.1.202409122256\\db\/mcu/
2024-10-13 19:59:50,996 [INFO] ApiDb:274 - Set plugin database path to: C:\ST\STM32CubeIDE_1.16.1\STM32CubeIDE\plugins\com.st.stm32cube.common.mx_6.12.1.202409122256\\db\/plugins/boardmanager/
2024-10-13 19:59:50,997 [WARN] ApiDb:259 - Overriding images path with different value:  => C:\ST\STM32CubeIDE_1.16.1\STM32CubeIDE\plugins\com.st.stm32cube.common.mx_6.12.1.202409122256\\db\/plugins/mcufinder/images/
2024-10-13 19:59:51,002 [INFO] ApiDb:250 - Set database path to: C:\Users\mirmi\.stmcufinder\plugins\mcufinder//mcu/
2024-10-13 19:59:51,003 [INFO] DbMcusAds:125 - Set database path to: C:\Users\mirmi\.stmcufinder\plugins\mcufinder//mcu/
2024-10-13 19:59:51,004 [INFO] CrossReferenceDbSqlite:203 - Set database path to: C:\Users\mirmi\.stmcufinder\plugins\mcufinder//mcu/cs/
2024-10-13 19:59:51,098 [INFO] RulesReader:64 - Compatibility file has been processed (297 Rules)
2024-10-13 19:59:51,157 [INFO] DbMcusXml:78 - Set database path to: C:\ST\STM32CubeIDE_1.16.1\STM32CubeIDE\plugins\com.st.stm32cube.common.mx_6.12.1.202409122256\\db\/mcu/
2024-10-13 19:59:51,158 [INFO] ApiDb:274 - Set plugin database path to: C:\ST\STM32CubeIDE_1.16.1\STM32CubeIDE\plugins\com.st.stm32cube.common.mx_6.12.1.202409122256\\db\/plugins/boardmanager/
2024-10-13 19:59:51,158 [INFO] ApiDb:261 - Set plugin images path to: C:\ST\STM32CubeIDE_1.16.1\STM32CubeIDE\plugins\com.st.stm32cube.common.mx_6.12.1.202409122256\\db\/plugins/mcufinder/images/
2024-10-13 19:59:51,158 [WARN] DbFile:41 - Overriding database path with different value: C:\Users\mirmi\.stmcufinder\plugins\mcufinder/ => C:\Users\mirmi\.stmcufinder\plugins\mcufinder
2024-10-13 19:59:51,158 [INFO] ApiDb:250 - Set database path to: C:\Users\mirmi\.stmcufinder\plugins\mcufinder//mcu/
2024-10-13 19:59:51,158 [WARN] DbFile:41 - Overriding database path with different value: C:\Users\mirmi\.stmcufinder\plugins\mcufinder/ => C:\Users\mirmi\.stmcufinder\plugins\mcufinder
2024-10-13 19:59:51,158 [INFO] DbMcusAds:125 - Set database path to: C:\Users\mirmi\.stmcufinder\plugins\mcufinder//mcu/
2024-10-13 19:59:51,158 [WARN] DbFile:41 - Overriding database path with different value: C:\Users\mirmi\.stmcufinder\plugins\mcufinder/ => C:\Users\mirmi\.stmcufinder\plugins\mcufinder
2024-10-13 19:59:51,158 [WARN] DbFile:41 - Overriding database path with different value: C:\Users\mirmi\.stmcufinder\plugins\mcufinder/ => C:\Users\mirmi\.stmcufinder\plugins\mcufinder
2024-10-13 19:59:51,158 [INFO] CrossReferenceDbSqlite:203 - Set database path to: C:\Users\mirmi\.stmcufinder\plugins\mcufinder//mcu/cs/
2024-10-13 19:59:51,226 [INFO] MainPanel:268 - HeapMemory: 268435456
2024-10-13 19:59:51,307 [INFO] DbMcusXml:78 - Set database path to: C:\ST\STM32CubeIDE_1.16.1\STM32CubeIDE\plugins\com.st.stm32cube.common.mx_6.12.1.202409122256\\db\/mcu/
2024-10-13 19:59:51,307 [INFO] ApiDb:274 - Set plugin database path to: C:\ST\STM32CubeIDE_1.16.1\STM32CubeIDE\plugins\com.st.stm32cube.common.mx_6.12.1.202409122256\\db\/plugins/boardmanager/
2024-10-13 19:59:51,307 [INFO] ApiDb:261 - Set plugin images path to: C:\ST\STM32CubeIDE_1.16.1\STM32CubeIDE\plugins\com.st.stm32cube.common.mx_6.12.1.202409122256\\db\/plugins/mcufinder/images/
2024-10-13 19:59:51,307 [WARN] DbFile:41 - Overriding database path with different value: C:\Users\mirmi\.stmcufinder\plugins\mcufinder/ => C:\Users\mirmi\.stmcufinder\plugins\mcufinder
2024-10-13 19:59:51,307 [INFO] ApiDb:250 - Set database path to: C:\Users\mirmi\.stmcufinder\plugins\mcufinder//mcu/
2024-10-13 19:59:51,307 [WARN] DbFile:41 - Overriding database path with different value: C:\Users\mirmi\.stmcufinder\plugins\mcufinder/ => C:\Users\mirmi\.stmcufinder\plugins\mcufinder
2024-10-13 19:59:51,307 [INFO] DbMcusAds:125 - Set database path to: C:\Users\mirmi\.stmcufinder\plugins\mcufinder//mcu/
2024-10-13 19:59:51,307 [WARN] DbFile:41 - Overriding database path with different value: C:\Users\mirmi\.stmcufinder\plugins\mcufinder/ => C:\Users\mirmi\.stmcufinder\plugins\mcufinder
2024-10-13 19:59:51,307 [WARN] DbFile:41 - Overriding database path with different value: C:\Users\mirmi\.stmcufinder\plugins\mcufinder/ => C:\Users\mirmi\.stmcufinder\plugins\mcufinder
2024-10-13 19:59:51,307 [INFO] CrossReferenceDbSqlite:203 - Set database path to: C:\Users\mirmi\.stmcufinder\plugins\mcufinder//mcu/cs/
2024-10-13 19:59:51,321 [INFO] ApplicationProperties:184 - Using Application install path: C:\ST\STM32CubeIDE_1.16.1\STM32CubeIDE\plugins\com.st.stm32cube.common.mx_6.12.1.202409122256
2024-10-13 19:59:51,322 [INFO] PluginManage:196 - Search for loadable plugins [exclusion list=, ]
2024-10-13 19:59:51,323 [INFO] PluginManage:310 - Check plugin analytics
2024-10-13 19:59:51,502 [INFO] AnalyticsPlugin:253 - Accepted Software Licenses: 
2024-10-13 19:59:51,502 [INFO] AnalyticsPlugin:255 - Accepted CMSIS Pack Licenses: 
2024-10-13 19:59:51,502 [INFO] AnalyticsPlugin:257 - Accepted Firmware Licenses: 
2024-10-13 19:59:51,505 [INFO] PluginManage:359 - Loaded plugin analytics (category:tool,tabindex:-1)
2024-10-13 19:59:51,506 [INFO] PluginManage:310 - Check plugin cadmodel
2024-10-13 19:59:51,521 [INFO] CADModel:105 - Init CAD model plugin
2024-10-13 19:59:51,521 [INFO] PluginManage:359 - Loaded plugin cadmodel (category:power,tabindex:5)
2024-10-13 19:59:51,521 [INFO] PluginManage:310 - Check plugin clock
2024-10-13 19:59:51,539 [INFO] PluginManage:359 - Loaded plugin clock (category:base,tabindex:2)
2024-10-13 19:59:51,539 [INFO] PluginManage:310 - Check plugin ddr
2024-10-13 19:59:51,541 [INFO] PluginManage:359 - Loaded plugin ddr (category:tool,tabindex:6)
2024-10-13 19:59:51,541 [INFO] PluginManage:310 - Check plugin filemanager
2024-10-13 19:59:51,660 [INFO] PluginManage:359 - Loaded plugin filemanager (category:base,tabindex:10)
2024-10-13 19:59:51,661 [INFO] PluginManage:310 - Check plugin ipmanager
2024-10-13 19:59:51,666 [INFO] PluginManage:359 - Loaded plugin ipmanager (category:base,tabindex:5)
2024-10-13 19:59:51,666 [INFO] PluginManage:310 - Check plugin lpbam
2024-10-13 19:59:51,681 [INFO] PluginManage:359 - Loaded plugin lpbam (category:base,tabindex:0)
2024-10-13 19:59:51,681 [INFO] PluginManage:310 - Check plugin memorymap
2024-10-13 19:59:51,700 [INFO] PluginManage:359 - Loaded plugin memorymap (category:base,tabindex:4)
2024-10-13 19:59:51,700 [INFO] PluginManage:310 - Check plugin pinoutandconfiguration
2024-10-13 19:59:51,713 [INFO] PluginManage:359 - Loaded plugin pinoutandconfiguration (category:base,tabindex:1)
2024-10-13 19:59:51,713 [INFO] PluginManage:310 - Check plugin pinoutconfig
2024-10-13 19:59:51,798 [WARN] SupportedApi:132 - Cannot load RTOS API schema: s4s-elt-must-match.1: The content of 'definitions' must match (annotation?, (simpleType | complexType)?, (unique | key | keyref)*)). A problem was found starting at: attribute.
2024-10-13 19:59:51,903 [INFO] PluginManage:359 - Loaded plugin pinoutconfig (category:base,tabindex:0)
2024-10-13 19:59:51,903 [INFO] PluginManage:310 - Check plugin power
2024-10-13 19:59:51,918 [INFO] PluginManage:359 - Loaded plugin power (category:power,tabindex:4)
2024-10-13 19:59:51,918 [INFO] PluginManage:310 - Check plugin projectmanager
2024-10-13 19:59:51,931 [INFO] PluginManage:359 - Loaded plugin projectmanager (category:projectmanager,tabindex:4)
2024-10-13 19:59:51,931 [INFO] PluginManage:310 - Check plugin rif
2024-10-13 19:59:51,944 [INFO] PluginManage:359 - Loaded plugin rif (category:base,tabindex:3)
2024-10-13 19:59:51,944 [INFO] PluginManage:310 - Check plugin thirdparty
2024-10-13 19:59:52,159 [INFO] PluginManage:359 - Loaded plugin thirdparty (category:base,tabindex:-1)
2024-10-13 19:59:52,160 [INFO] PluginManage:310 - Check plugin tools
2024-10-13 19:59:52,160 [WARN] IntegrityCheckThread:84 - waiting for thirdparty lock release [integrity check]
2024-10-13 19:59:52,160 [INFO] IntegrityCheckThread:86 - entering critical section [integrity check]
2024-10-13 19:59:52,160 [INFO] ThirdPartyUpdaterWithRetryManager:70 - Updater plugin not ready yet. [1/15]
2024-10-13 19:59:52,193 [INFO] PluginManage:359 - Loaded plugin tools (category:base,tabindex:7)
2024-10-13 19:59:52,193 [INFO] PluginManage:310 - Check plugin tutovideos
2024-10-13 19:59:52,350 [INFO] PluginManage:359 - Loaded plugin tutovideos (category:base,tabindex:-1)
2024-10-13 19:59:52,351 [INFO] PluginManage:310 - Check plugin updater
2024-10-13 19:59:52,367 [INFO] PluginManage:359 - Loaded plugin updater (category:base,tabindex:12)
2024-10-13 19:59:52,367 [INFO] PluginManage:310 - Check plugin userauth
2024-10-13 19:59:52,372 [INFO] UserAuth:113 - Init User Auth plugin
2024-10-13 19:59:52,372 [INFO] PluginManage:359 - Loaded plugin userauth (category:base,tabindex:14)
2024-10-13 19:59:52,372 [INFO] PluginManage:283 - PluginManage : Loaded plugins [18]
2024-10-13 19:59:52,542 [INFO] PinOutPanel:1561 - setPackage(No Configuration,No Configuration)
2024-10-13 19:59:52,611 [INFO] CADModel:165 - CPN selected for project level
2024-10-13 19:59:52,611 [INFO] CADModel:114 - Register for checkConnection events
2024-10-13 19:59:52,636 [INFO] IPUIPlugin:80 - create IPUIPlugin
2024-10-13 19:59:52,637 [INFO] PluginManager:220 - loadIPPluginJar : add adc
2024-10-13 19:59:52,668 [INFO] IPUIPlugin:80 - create IPUIPlugin
2024-10-13 19:59:52,668 [INFO] PluginManager:220 - loadIPPluginJar : add aes
2024-10-13 19:59:52,710 [INFO] IPUIPlugin:80 - create IPUIPlugin
2024-10-13 19:59:52,711 [INFO] PluginManager:220 - loadIPPluginJar : add can
2024-10-13 19:59:52,731 [INFO] IPUIPlugin:80 - create IPUIPlugin
2024-10-13 19:59:52,731 [INFO] PluginManager:220 - loadIPPluginJar : add comp
2024-10-13 19:59:52,763 [INFO] IPUIPlugin:80 - create IPUIPlugin
2024-10-13 19:59:52,763 [INFO] PluginManager:220 - loadIPPluginJar : add cryp
2024-10-13 19:59:52,773 [INFO] IPUIPlugin:80 - create IPUIPlugin
2024-10-13 19:59:52,773 [INFO] PluginManager:220 - loadIPPluginJar : add ddr_ctrl_phy
2024-10-13 19:59:52,803 [INFO] IPUIPlugin:80 - create IPUIPlugin
2024-10-13 19:59:52,804 [INFO] PluginManager:220 - loadIPPluginJar : add dfsdm
2024-10-13 19:59:52,817 [INFO] IPUIPlugin:80 - create IPUIPlugin
2024-10-13 19:59:52,817 [INFO] PluginManager:220 - loadIPPluginJar : add dma
2024-10-13 19:59:52,864 [INFO] IPUIPlugin:80 - create IPUIPlugin
2024-10-13 19:59:52,865 [INFO] PluginManager:220 - loadIPPluginJar : add dma3
2024-10-13 19:59:52,911 [INFO] IPUIPlugin:80 - create IPUIPlugin
2024-10-13 19:59:52,911 [INFO] PluginManager:220 - loadIPPluginJar : add extmemmanager
2024-10-13 19:59:52,932 [INFO] IPUIPlugin:80 - create IPUIPlugin
2024-10-13 19:59:52,933 [INFO] PluginManager:220 - loadIPPluginJar : add fatfs
2024-10-13 19:59:52,976 [INFO] IPUIPlugin:80 - create IPUIPlugin
2024-10-13 19:59:52,976 [INFO] PluginManager:220 - loadIPPluginJar : add fmc
2024-10-13 19:59:52,988 [INFO] IPUIPlugin:80 - create IPUIPlugin
2024-10-13 19:59:52,989 [INFO] PluginManager:220 - loadIPPluginJar : add freertos
2024-10-13 19:59:53,005 [INFO] IPUIPlugin:80 - create IPUIPlugin
2024-10-13 19:59:53,005 [INFO] PluginManager:220 - loadIPPluginJar : add genericplugin
2024-10-13 19:59:53,097 [INFO] IPUIPlugin:80 - create IPUIPlugin
2024-10-13 19:59:53,097 [INFO] PluginManager:220 - loadIPPluginJar : add gfxmmu
2024-10-13 19:59:53,209 [INFO] IPUIPlugin:80 - create IPUIPlugin
2024-10-13 19:59:53,210 [INFO] PluginManager:220 - loadIPPluginJar : add gic
2024-10-13 19:59:53,221 [INFO] IPUIPlugin:80 - create IPUIPlugin
2024-10-13 19:59:53,221 [INFO] PluginManager:220 - loadIPPluginJar : add gpio
2024-10-13 19:59:53,328 [INFO] IPUIPlugin:80 - create IPUIPlugin
2024-10-13 19:59:53,328 [INFO] PluginManager:220 - loadIPPluginJar : add gtzc
2024-10-13 19:59:53,364 [INFO] IPUIPlugin:80 - create IPUIPlugin
2024-10-13 19:59:53,364 [INFO] PluginManager:220 - loadIPPluginJar : add hash
2024-10-13 19:59:53,430 [INFO] IPUIPlugin:80 - create IPUIPlugin
2024-10-13 19:59:53,430 [INFO] PluginManager:220 - loadIPPluginJar : add i2c
2024-10-13 19:59:53,470 [INFO] IPUIPlugin:80 - create IPUIPlugin
2024-10-13 19:59:53,470 [INFO] PluginManager:220 - loadIPPluginJar : add i2s
2024-10-13 19:59:53,512 [INFO] IPUIPlugin:80 - create IPUIPlugin
2024-10-13 19:59:53,512 [INFO] PluginManager:220 - loadIPPluginJar : add i3c
2024-10-13 19:59:53,632 [INFO] IPUIPlugin:80 - create IPUIPlugin
2024-10-13 19:59:53,634 [INFO] PluginManager:220 - loadIPPluginJar : add ipddr
2024-10-13 19:59:53,714 [INFO] IPUIPlugin:80 - create IPUIPlugin
2024-10-13 19:59:53,715 [INFO] PluginManager:220 - loadIPPluginJar : add linkedlist
2024-10-13 19:59:53,746 [INFO] IPUIPlugin:80 - create IPUIPlugin
2024-10-13 19:59:53,747 [INFO] PluginManager:220 - loadIPPluginJar : add lorawan
2024-10-13 19:59:53,779 [INFO] IPUIPlugin:80 - create IPUIPlugin
2024-10-13 19:59:53,779 [INFO] PluginManager:220 - loadIPPluginJar : add ltdc
2024-10-13 19:59:53,790 [INFO] IPUIPlugin:80 - create IPUIPlugin
2024-10-13 19:59:53,791 [INFO] PluginManager:220 - loadIPPluginJar : add mdma
2024-10-13 19:59:53,800 [INFO] IPUIPlugin:80 - create IPUIPlugin
2024-10-13 19:59:53,800 [INFO] PluginManager:220 - loadIPPluginJar : add nvic
2024-10-13 19:59:53,835 [INFO] IPUIPlugin:80 - create IPUIPlugin
2024-10-13 19:59:53,835 [INFO] PluginManager:220 - loadIPPluginJar : add opamp
2024-10-13 19:59:53,901 [INFO] IPUIPlugin:80 - create IPUIPlugin
2024-10-13 19:59:53,902 [INFO] PluginManager:220 - loadIPPluginJar : add openamp
2024-10-13 19:59:53,942 [INFO] IPUIPlugin:80 - create IPUIPlugin
2024-10-13 19:59:53,942 [INFO] PluginManager:220 - loadIPPluginJar : add pdm2pcm
2024-10-13 19:59:53,954 [INFO] IPUIPlugin:80 - create IPUIPlugin
2024-10-13 19:59:53,956 [INFO] PluginManager:220 - loadIPPluginJar : add plateformsettings
2024-10-13 19:59:53,974 [INFO] IPUIPlugin:80 - create IPUIPlugin
2024-10-13 19:59:53,974 [INFO] PluginManager:220 - loadIPPluginJar : add quadspi
2024-10-13 19:59:53,994 [INFO] IPUIPlugin:80 - create IPUIPlugin
2024-10-13 19:59:53,995 [INFO] PluginManager:220 - loadIPPluginJar : add radio
2024-10-13 19:59:54,006 [INFO] IPUIPlugin:80 - create IPUIPlugin
2024-10-13 19:59:54,006 [INFO] PluginManager:220 - loadIPPluginJar : add resmgrutility
2024-10-13 19:59:54,039 [INFO] IPUIPlugin:80 - create IPUIPlugin
2024-10-13 19:59:54,039 [INFO] PluginManager:220 - loadIPPluginJar : add sai
2024-10-13 19:59:54,069 [INFO] IPUIPlugin:80 - create IPUIPlugin
2024-10-13 19:59:54,069 [INFO] PluginManager:220 - loadIPPluginJar : add spi
2024-10-13 19:59:54,146 [INFO] IPUIPlugin:80 - create IPUIPlugin
2024-10-13 19:59:54,146 [INFO] PluginManager:220 - loadIPPluginJar : add stm32_wpan
2024-10-13 19:59:54,164 [INFO] IPUIPlugin:80 - create IPUIPlugin
2024-10-13 19:59:54,165 [INFO] PluginManager:220 - loadIPPluginJar : add tim
2024-10-13 19:59:54,206 [INFO] IPUIPlugin:80 - create IPUIPlugin
2024-10-13 19:59:54,206 [INFO] PluginManager:220 - loadIPPluginJar : add touchsensing
2024-10-13 19:59:54,230 [INFO] IPUIPlugin:80 - create IPUIPlugin
2024-10-13 19:59:54,230 [INFO] PluginManager:220 - loadIPPluginJar : add tracer_emb
2024-10-13 19:59:54,249 [INFO] IPUIPlugin:80 - create IPUIPlugin
2024-10-13 19:59:54,249 [INFO] PluginManager:220 - loadIPPluginJar : add ts
2024-10-13 19:59:54,267 [INFO] IPUIPlugin:80 - create IPUIPlugin
2024-10-13 19:59:54,267 [INFO] PluginManager:220 - loadIPPluginJar : add tsc
2024-10-13 19:59:54,289 [INFO] IPUIPlugin:80 - create IPUIPlugin
2024-10-13 19:59:54,289 [INFO] PluginManager:220 - loadIPPluginJar : add ucpd
2024-10-13 19:59:54,338 [INFO] IPUIPlugin:80 - create IPUIPlugin
2024-10-13 19:59:54,338 [INFO] PluginManager:220 - loadIPPluginJar : add usart
2024-10-13 19:59:54,370 [INFO] IPUIPlugin:80 - create IPUIPlugin
2024-10-13 19:59:54,370 [INFO] PluginManager:220 - loadIPPluginJar : add usbx
2024-10-13 19:59:54,488 [INFO] CADModel:165 - CPN selected for project level
2024-10-13 19:59:54,488 [INFO] CADModel:114 - Register for checkConnection events
2024-10-13 19:59:54,488 [FATAL] Updater:334 - Updater called before beeing initialized
2024-10-13 19:59:54,489 [ERROR] CADModel:125 - Updater not yet initialized, retry later 
2024-10-13 19:59:54,612 [INFO] CADModel:165 - CPN selected for project level
2024-10-13 19:59:54,612 [INFO] CADModel:114 - Register for checkConnection events
2024-10-13 19:59:54,612 [FATAL] Updater:334 - Updater called before beeing initialized
2024-10-13 19:59:54,612 [ERROR] CADModel:125 - Updater not yet initialized, retry later 
2024-10-13 19:59:54,614 [FATAL] Updater:334 - Updater called before beeing initialized
2024-10-13 19:59:54,700 [FATAL] Updater:334 - Updater called before beeing initialized
2024-10-13 19:59:54,708 [INFO] DbMcusAds:53 - JSON generation date=Thu Sep 30 16:55:09 AEST 2021 (1632984909247)
2024-10-13 19:59:54,708 [FATAL] Updater:334 - Updater called before beeing initialized
2024-10-13 19:59:54,748 [WARN] DetailPanel:346 - Failed to get advertising image, set to default
2024-10-13 19:59:54,829 [FATAL] Updater:334 - Updater called before beeing initialized
2024-10-13 19:59:54,831 [FATAL] Updater:334 - Updater called before beeing initialized
2024-10-13 19:59:54,831 [FATAL] Updater:334 - Updater called before beeing initialized
2024-10-13 19:59:54,831 [WARN] DetailPanel:346 - Failed to get advertising image, set to default
2024-10-13 19:59:54,831 [FATAL] Updater:334 - Updater called before beeing initialized
2024-10-13 19:59:54,892 [ERROR] Updater:1164 - MainUpdater not yet initialized. External WinMGr cannot be set.
2024-10-13 19:59:54,903 [INFO] Updater:1100 - Updater Version found : 6.12.1
2024-10-13 19:59:54,924 [INFO] ApplicationProperties:184 - Using Application install path: C:\ST\STM32CubeIDE_1.16.1\STM32CubeIDE\plugins\com.st.stm32cube.common.mx_6.12.1.202409122256
2024-10-13 19:59:55,162 [INFO] ThirdPartyUpdaterWithRetryManager:70 - Updater plugin not ready yet. [2/15]
2024-10-13 19:59:56,502 [ERROR] LogOutputStream:75 - [STDERR_REDIRECT] Oct 13, 2024 7:59:56 PM java.util.prefs.WindowsPreferences <init>
2024-10-13 19:59:56,504 [ERROR] LogOutputStream:75 - [STDERR_REDIRECT] WARNING: Could not open/create prefs root node Software\JavaSoft\Prefs at root 0xffffffff80000002. Windows RegCreateKeyEx(...) returned error code 5.
2024-10-13 19:59:56,504 [ERROR] LogOutputStream:75 - [STDERR_REDIRECT] 
2024-10-13 19:59:56,797 [INFO] MainUpdater:2873 - connection check result : 10
2024-10-13 19:59:56,798 [INFO] MainUpdater:3567 - Updater definition file requires update
2024-10-13 19:59:56,799 [INFO] MainUpdater:290 - Updater Check For Update Now.
2024-10-13 19:59:56,799 [INFO] MicroXplorer:498 - Change Database Version : DB.6.0.121
2024-10-13 19:59:56,815 [INFO] McuFinderGlobals:63 - Set McuFinder mode to 2 (CubeIDE integrated)
2024-10-13 19:59:56,815 [INFO] UserAuth:179 - activating auth plugin
2024-10-13 19:59:56,818 [INFO] UserAuth:417 - Internet connection configuration mode: 1
2024-10-13 19:59:56,838 [INFO] JxBrowserEngine:152 - Initiate JxBrowser Engine with user profile folder
2024-10-13 19:59:58,164 [WARN] MainUpdater:1194 - Updater busy. Cannot search thirdparties
2024-10-13 19:59:58,164 [INFO] ThirdPartyUpdaterWithRetryManager:96 - Updater plugin is busy. [1/15]
2024-10-13 19:59:59,060 [INFO] ServerAccessManage:473 - Download File updaters.zip
2024-10-13 19:59:59,110 [INFO] FileExtend:240 - Unzip File : updaters.zip
2024-10-13 19:59:59,110 [INFO] FileExtend:255 - Standard Zip Deflate
2024-10-13 20:00:00,578 [INFO] ServerAccessManage:473 - Download File PacksControlFlags.xml
2024-10-13 20:00:01,167 [WARN] MainUpdater:1194 - Updater busy. Cannot search thirdparties
2024-10-13 20:00:01,167 [INFO] ThirdPartyUpdaterWithRetryManager:96 - Updater plugin is busy. [2/15]
2024-10-13 20:00:01,765 [INFO] ServerAccessManage:473 - Download File cubemx.pidx
2024-10-13 20:00:01,854 [INFO] LoadServerUpdatesThread:375 - End of LoadServerUpdate Thread
2024-10-13 20:00:02,056 [INFO] CheckServerUpdateThread:120 - End of CheckServer Thread
2024-10-13 20:00:03,702 [INFO] WebApp:167 - Instantiating new browser for Auth
2024-10-13 20:00:04,497 [WARN] PackLoader:240 - Cannot read IP mode file for STMicroelectronics.FP-SNS-MOTENVWB1.1.4.0
2024-10-13 20:00:04,533 [WARN] PackLoader:240 - Cannot read IP mode file for STMicroelectronics.X-CUBE-SMBUS.2.1.0
2024-10-13 20:00:04,568 [WARN] PackLoader:240 - Cannot read IP mode file for STMicroelectronics.X-CUBE-WB05N.1.1.0
2024-10-13 20:00:04,661 [WARN] PackLoader:240 - Cannot read IP mode file for STMicroelectronics.X-CUBE-AZRTOS-F7.1.1.0
2024-10-13 20:00:04,726 [INFO] WebApp:448 - Apply proxy settings
2024-10-13 20:00:04,727 [INFO] WebApp:533 - Chromium requires no authentication
2024-10-13 20:00:04,759 [INFO] WebApp:476 - Direct internet connection detected
2024-10-13 20:00:04,797 [WARN] PackLoader:240 - Cannot read IP mode file for STMicroelectronics.X-CUBE-MEMS1.11.0.0
2024-10-13 20:00:04,836 [INFO] WebApp:869 - Register for checkConnection events
2024-10-13 20:00:04,836 [INFO] WebApp:448 - Apply proxy settings
2024-10-13 20:00:04,836 [INFO] WebApp:533 - Chromium requires no authentication
2024-10-13 20:00:04,837 [INFO] WebApp:476 - Direct internet connection detected
2024-10-13 20:00:04,972 [WARN] PackLoader:240 - Cannot read IP mode file for STMicroelectronics.FP-SNS-FLIGHT1.5.0.2
2024-10-13 20:00:04,992 [WARN] PackLoader:240 - Cannot read IP mode file for STMicroelectronics.X-CUBE-DISPLAY.3.0.0
2024-10-13 20:00:05,011 [WARN] PackLoader:240 - Cannot read IP mode file for STMicroelectronics.X-CUBE-BLE1.7.0.0
2024-10-13 20:00:05,029 [WARN] PackLoader:240 - Cannot read IP mode file for STMicroelectronics.X-CUBE-NFC10.1.0.0
2024-10-13 20:00:05,046 [WARN] PackLoader:240 - Cannot read IP mode file for emotas.I-CUBE-CANOPEN.1.3.0
2024-10-13 20:00:05,065 [WARN] PackLoader:240 - Cannot read IP mode file for STMicroelectronics.X-CUBE-BLEMGR.3.1.0
2024-10-13 20:00:05,082 [WARN] PackLoader:240 - Cannot read IP mode file for STMicroelectronics.FP-SNS-SMARTAG2.1.2.0
2024-10-13 20:00:05,107 [INFO] LogOutputStream:77 - [STDOUT_REDIRECT] 1 : Invalid condition id : UX_CORESTACK_Condition cause : null
2024-10-13 20:00:05,108 [INFO] LogOutputStream:77 - [STDOUT_REDIRECT] 1 : Invalid condition id : UX_CORESTACK_Condition cause : null
2024-10-13 20:00:05,110 [INFO] LogOutputStream:77 - [STDOUT_REDIRECT] 1 : Invalid condition id : UX_CORESTACK_Condition cause : null
2024-10-13 20:00:05,112 [INFO] LogOutputStream:77 - [STDOUT_REDIRECT] 1 : Invalid condition id : UX_CORESTACK_Condition cause : null
2024-10-13 20:00:05,114 [INFO] LogOutputStream:77 - [STDOUT_REDIRECT] 1 : Invalid condition id : UX_CORESTACK_Condition cause : null
2024-10-13 20:00:05,121 [WARN] PackLoader:240 - Cannot read IP mode file for STMicroelectronics.X-CUBE-AZRTOS-WL.2.0.0
2024-10-13 20:00:05,138 [WARN] PackLoader:240 - Cannot read IP mode file for STMicroelectronics.FP-SNS-MOTENV1.5.0.0
2024-10-13 20:00:05,153 [WARN] PackLoader:240 - Cannot read IP mode file for wolfSSL.I-CUBE-wolfMQTT.1.19.0
2024-10-13 20:00:05,183 [WARN] PackLoader:240 - Cannot read IP mode file for WES.I-CUBE-Cesium.1.3.0
2024-10-13 20:00:05,206 [WARN] PackLoader:240 - Cannot read IP mode file for STMicroelectronics.X-CUBE-BLE2.3.3.0
2024-10-13 20:00:05,224 [WARN] PackLoader:240 - Cannot read IP mode file for STMicroelectronics.X-CUBE-NFC9.1.0.0
2024-10-13 20:00:05,239 [INFO] WebApp:186 - Connection restablished
2024-10-13 20:00:05,249 [WARN] PackLoader:240 - Cannot read IP mode file for STMicroelectronics.X-CUBE-TCPP.4.1.0
2024-10-13 20:00:05,295 [WARN] PackLoader:240 - Cannot read IP mode file for STMicroelectronics.X-CUBE-AZRTOS-G0.1.1.0
2024-10-13 20:00:05,322 [WARN] PackLoader:240 - Cannot read IP mode file for STMicroelectronics.X-CUBE-SAFEA1.1.2.2
2024-10-13 20:00:05,349 [WARN] PackLoader:240 - Cannot read IP mode file for STMicroelectronics.X-CUBE-NFC4.3.0.0
2024-10-13 20:00:05,374 [WARN] PackLoader:240 - Cannot read IP mode file for EmbeddedOffice.I-CUBE-FS-RTOS.1.0.1
2024-10-13 20:00:05,375 [ERROR] ConditionMgr:805 - Attr not supported : Dmpu
2024-10-13 20:00:05,375 [ERROR] ConditionMgr:805 - Attr not supported : Dmpu
2024-10-13 20:00:05,375 [ERROR] ConditionMgr:805 - Attr not supported : Dmpu
2024-10-13 20:00:05,376 [ERROR] ConditionMgr:805 - Attr not supported : Dmpu
2024-10-13 20:00:05,376 [ERROR] ConditionMgr:805 - Attr not supported : Dmpu
2024-10-13 20:00:05,376 [ERROR] ConditionMgr:805 - Attr not supported : Dmpu
2024-10-13 20:00:05,376 [ERROR] ConditionMgr:805 - Attr not supported : Dmpu
2024-10-13 20:00:05,376 [ERROR] ConditionMgr:805 - Attr not supported : Dmpu
2024-10-13 20:00:05,376 [ERROR] ConditionMgr:805 - Attr not supported : Dmpu
2024-10-13 20:00:05,377 [ERROR] ConditionMgr:805 - Attr not supported : Dmpu
2024-10-13 20:00:05,377 [ERROR] ConditionMgr:805 - Attr not supported : Dmpu
2024-10-13 20:00:05,377 [ERROR] ConditionMgr:805 - Attr not supported : Dmpu
2024-10-13 20:00:05,377 [ERROR] ConditionMgr:805 - Attr not supported : Dmpu
2024-10-13 20:00:05,377 [ERROR] ConditionMgr:805 - Attr not supported : Dmpu
2024-10-13 20:00:05,377 [ERROR] ConditionMgr:805 - Attr not supported : Dmpu
2024-10-13 20:00:05,377 [ERROR] ConditionMgr:805 - Attr not supported : Dmpu
2024-10-13 20:00:05,377 [ERROR] ConditionMgr:805 - Attr not supported : Dmpu
2024-10-13 20:00:05,378 [ERROR] ConditionMgr:805 - Attr not supported : Dmpu
2024-10-13 20:00:05,378 [ERROR] ConditionMgr:805 - Attr not supported : Dmpu
2024-10-13 20:00:05,378 [ERROR] ConditionMgr:805 - Attr not supported : Dmpu
2024-10-13 20:00:05,378 [ERROR] ConditionMgr:805 - Attr not supported : Dmpu
2024-10-13 20:00:05,378 [ERROR] ConditionMgr:805 - Attr not supported : Dmpu
2024-10-13 20:00:05,378 [ERROR] ConditionMgr:805 - Attr not supported : Dmpu
2024-10-13 20:00:05,379 [ERROR] ConditionMgr:805 - Attr not supported : Dmpu
2024-10-13 20:00:05,379 [ERROR] ConditionMgr:805 - Attr not supported : Dmpu
2024-10-13 20:00:05,379 [ERROR] ConditionMgr:805 - Attr not supported : Dmpu
2024-10-13 20:00:05,379 [ERROR] ConditionMgr:805 - Attr not supported : Dmpu
2024-10-13 20:00:05,379 [ERROR] ConditionMgr:805 - Attr not supported : Dmpu
2024-10-13 20:00:05,380 [ERROR] ConditionMgr:805 - Attr not supported : Dmpu
2024-10-13 20:00:05,380 [ERROR] ConditionMgr:805 - Attr not supported : Dmpu
2024-10-13 20:00:05,380 [ERROR] ConditionMgr:805 - Attr not supported : Dmpu
2024-10-13 20:00:05,380 [ERROR] ConditionMgr:805 - Attr not supported : Dmpu
2024-10-13 20:00:05,380 [ERROR] ConditionMgr:805 - Attr not supported : Dmpu
2024-10-13 20:00:05,380 [ERROR] ConditionMgr:805 - Attr not supported : Dmpu
2024-10-13 20:00:05,380 [ERROR] ConditionMgr:805 - Attr not supported : Dmpu
2024-10-13 20:00:05,380 [ERROR] ConditionMgr:805 - Attr not supported : Dmpu
2024-10-13 20:00:05,380 [ERROR] ConditionMgr:805 - Attr not supported : Dmpu
2024-10-13 20:00:05,382 [ERROR] ConditionMgr:805 - Attr not supported : Dmpu
2024-10-13 20:00:05,382 [ERROR] ConditionMgr:805 - Attr not supported : Dmpu
2024-10-13 20:00:05,382 [ERROR] ConditionMgr:805 - Attr not supported : Dmpu
2024-10-13 20:00:05,382 [ERROR] ConditionMgr:805 - Attr not supported : Dmpu
2024-10-13 20:00:05,382 [ERROR] ConditionMgr:805 - Attr not supported : Dmpu
2024-10-13 20:00:05,382 [ERROR] ConditionMgr:805 - Attr not supported : Dmpu
2024-10-13 20:00:05,382 [ERROR] ConditionMgr:805 - Attr not supported : Dmpu
2024-10-13 20:00:05,382 [ERROR] ConditionMgr:805 - Attr not supported : Dmpu
2024-10-13 20:00:05,382 [ERROR] ConditionMgr:805 - Attr not supported : Dmpu
2024-10-13 20:00:05,382 [ERROR] ConditionMgr:805 - Attr not supported : Dmpu
2024-10-13 20:00:05,382 [ERROR] ConditionMgr:805 - Attr not supported : Dmpu
2024-10-13 20:00:05,383 [ERROR] ConditionMgr:805 - Attr not supported : Dmpu
2024-10-13 20:00:05,383 [ERROR] ConditionMgr:805 - Attr not supported : Dmpu
2024-10-13 20:00:05,383 [ERROR] ConditionMgr:805 - Attr not supported : Dmpu
2024-10-13 20:00:05,383 [ERROR] ConditionMgr:805 - Attr not supported : Dmpu
2024-10-13 20:00:05,383 [ERROR] ConditionMgr:805 - Attr not supported : Dmpu
2024-10-13 20:00:05,383 [ERROR] ConditionMgr:805 - Attr not supported : Dmpu
2024-10-13 20:00:05,383 [ERROR] ConditionMgr:805 - Attr not supported : Dmpu
2024-10-13 20:00:05,383 [ERROR] ConditionMgr:805 - Attr not supported : Dmpu
2024-10-13 20:00:05,384 [ERROR] ConditionMgr:805 - Attr not supported : Dmpu
2024-10-13 20:00:05,384 [ERROR] ConditionMgr:805 - Attr not supported : Dmpu
2024-10-13 20:00:05,384 [ERROR] ConditionMgr:805 - Attr not supported : Dmpu
2024-10-13 20:00:05,384 [ERROR] ConditionMgr:805 - Attr not supported : Dmpu
2024-10-13 20:00:05,384 [ERROR] ConditionMgr:805 - Attr not supported : Dmpu
2024-10-13 20:00:05,385 [ERROR] ConditionMgr:805 - Attr not supported : Dmpu
2024-10-13 20:00:05,385 [ERROR] ConditionMgr:805 - Attr not supported : Dmpu
2024-10-13 20:00:05,385 [ERROR] ConditionMgr:805 - Attr not supported : Dmpu
2024-10-13 20:00:05,406 [WARN] PackLoader:240 - Cannot read IP mode file for RealThread.X-CUBE-RT-Thread_Nano.4.1.1
2024-10-13 20:00:05,423 [WARN] PackLoader:240 - Cannot read IP mode file for STMicroelectronics.FP-ATR-SIGFOX1.3.2.0
2024-10-13 20:00:05,441 [WARN] PackLoader:240 - Cannot read IP mode file for wolfSSL.I-CUBE-wolfSSL.5.7.2
2024-10-13 20:00:05,462 [WARN] PackLoader:240 - Cannot read IP mode file for STMicroelectronics.X-CUBE-EEPRMA1.5.1.0
2024-10-13 20:00:05,484 [WARN] PackLoader:240 - Cannot read IP mode file for ITTIA_DB.I-CUBE-ITTIADB.8.9.0
2024-10-13 20:00:05,546 [WARN] PackLoader:240 - Cannot read IP mode file for SEGGER.I-CUBE-embOS.1.3.1
2024-10-13 20:00:05,615 [WARN] PackLoader:240 - Cannot read IP mode file for STMicroelectronics.X-CUBE-ALGOBUILD.1.4.0
2024-10-13 20:00:05,637 [WARN] PackLoader:240 - Cannot read IP mode file for STMicroelectronics.X-CUBE-AI.9.1.0
2024-10-13 20:00:05,678 [WARN] PackLoader:240 - Cannot read IP mode file for STMicroelectronics.X-CUBE-AZRTOS-F4.1.1.0
2024-10-13 20:00:05,705 [WARN] PackLoader:240 - Cannot read IP mode file for STMicroelectronics.X-CUBE-ISPU.2.1.0
2024-10-13 20:00:05,727 [INFO] WebApp:220 - Starting web application
2024-10-13 20:00:05,727 [INFO] WebApp:578 - Web application path used C:\ST\STM32CubeIDE_1.16.1\STM32CubeIDE\plugins\com.st.stm32cube.common.mx_6.12.1.202409122256\db\plugins\mcufinder\reactClient1\index.html
2024-10-13 20:00:05,730 [WARN] PackLoader:240 - Cannot read IP mode file for STMicroelectronics.X-CUBE-FREERTOS.1.2.0
2024-10-13 20:00:05,801 [WARN] PackLoader:240 - Cannot read IP mode file for STMicroelectronics.X-CUBE-AZRTOS-L5.2.0.0
2024-10-13 20:00:05,840 [WARN] PackLoader:240 - Cannot read IP mode file for STMicroelectronics.X-CUBE-NFC6.3.1.0
2024-10-13 20:00:05,872 [WARN] PackLoader:240 - Cannot read IP mode file for STMicroelectronics.X-CUBE-DPower.1.2.0
2024-10-13 20:00:05,900 [WARN] PackLoader:240 - Cannot read IP mode file for STMicroelectronics.X-CUBE-NFC7.1.0.1
2024-10-13 20:00:05,969 [WARN] ConditionMgr:438 - getConditionDescription Invalid condition id : LAN8742 Phy interface Condition cause : null
2024-10-13 20:00:05,971 [WARN] PackLoader:240 - Cannot read IP mode file for STMicroelectronics.X-CUBE-AZRTOS-L4.2.0.0
2024-10-13 20:00:05,974 [WARN] ConditionMgr:1039 - genDependencies : Invalid condition id : LAN8742 Phy interface Condition cause : null
2024-10-13 20:00:05,974 [WARN] ConditionMgr:1039 - genDependencies : Invalid condition id : LAN8742 Phy interface Condition cause : null
2024-10-13 20:00:05,976 [WARN] ConditionMgr:1039 - genDependencies : Invalid condition id : LAN8742 Phy interface Condition cause : null
2024-10-13 20:00:06,013 [WARN] PackLoader:240 - Cannot read IP mode file for STMicroelectronics.X-CUBE-SFXS2LP1.4.0.0
2024-10-13 20:00:06,120 [WARN] PackLoader:240 - Cannot read IP mode file for STMicroelectronics.X-CUBE-AZRTOS-H7.3.3.0
2024-10-13 20:00:06,191 [WARN] PackLoader:240 - Cannot read IP mode file for STMicroelectronics.X-CUBE-IPS.3.0.0
2024-10-13 20:00:06,252 [WARN] ConditionMgr:438 - getConditionDescription Invalid condition id : UX DEVICE CLASS RTOS Condition cause : null
2024-10-13 20:00:06,252 [WARN] ConditionMgr:438 - getConditionDescription Invalid condition id : UX DEVICE CLASS RTOS Condition cause : null
2024-10-13 20:00:06,257 [WARN] PackLoader:240 - Cannot read IP mode file for STMicroelectronics.X-CUBE-AZRTOS-WB.2.0.0
2024-10-13 20:00:06,258 [WARN] ConditionMgr:1039 - genDependencies : Invalid condition id : UX DEVICE CLASS RTOS Condition cause : null
2024-10-13 20:00:06,258 [WARN] ConditionMgr:1039 - genDependencies : Invalid condition id : UX DEVICE CLASS RTOS Condition cause : null
2024-10-13 20:00:06,259 [WARN] ConditionMgr:1039 - genDependencies : Invalid condition id : UX DEVICE CLASS RTOS Condition cause : null
2024-10-13 20:00:06,260 [WARN] ConditionMgr:1039 - genDependencies : Invalid condition id : UX DEVICE CLASS RTOS Condition cause : null
2024-10-13 20:00:06,260 [WARN] ConditionMgr:1039 - genDependencies : Invalid condition id : UX DEVICE CLASS RTOS Condition cause : null
2024-10-13 20:00:06,289 [WARN] PackLoader:240 - Cannot read IP mode file for STMicroelectronics.X-CUBE-GNSS1.7.0.0
2024-10-13 20:00:06,328 [WARN] PackLoader:240 - Cannot read IP mode file for STMicroelectronics.FP-SNS-STBOX1.2.0.0
2024-10-13 20:00:06,387 [WARN] PackLoader:240 - Cannot read IP mode file for STMicroelectronics.X-CUBE-SUBG2.5.0.0
2024-10-13 20:00:06,420 [WARN] PackLoader:240 - Cannot read IP mode file for Cesanta.I-CUBE-Mongoose.7.13.0
2024-10-13 20:00:06,486 [WARN] PackLoader:240 - Cannot read IP mode file for STMicroelectronics.X-CUBE-AZRTOS-G4.2.0.0
2024-10-13 20:00:06,512 [WARN] PackLoader:240 - Cannot read IP mode file for STMicroelectronics.X-CUBE-ALS.1.0.2
2024-10-13 20:00:06,545 [WARN] PackLoader:240 - Cannot read IP mode file for STMicroelectronics.X-CUBE-TOUCHGFX.4.24.1
2024-10-13 20:00:06,569 [WARN] PackLoader:240 - Cannot read IP mode file for wolfSSL.I-CUBE-wolfTPM.3.4.0
2024-10-13 20:00:06,603 [WARN] PackLoader:240 - Cannot read IP mode file for portGmbH.I-Cube-SoM-uGOAL.1.1.0
2024-10-13 20:00:06,652 [WARN] PackLoader:240 - Cannot read IP mode file for STMicroelectronics.X-CUBE-AZRTOS-H7RS.1.0.0
2024-10-13 20:00:06,677 [WARN] PackLoader:240 - Cannot read IP mode file for STMicroelectronics.FP-ATR-ASTRA1.2.0.0
2024-10-13 20:00:06,714 [WARN] PackLoader:240 - Cannot read IP mode file for STMicroelectronics.X-CUBE-TOF1.3.4.2
2024-10-13 20:00:06,776 [WARN] PackLoader:240 - Cannot read IP mode file for Infineon.AIROC-Wi-Fi-Bluetooth-STM32.1.6.1
2024-10-13 20:00:06,795 [WARN] PackLoader:240 - Cannot read IP mode file for wolfSSL.I-CUBE-wolfSSH.1.4.17
2024-10-13 20:00:06,796 [INFO] ThirdParty:978 - Integrity check success = true
2024-10-13 20:00:06,796 [INFO] IntegrityCheckThread:100 - exiting critical section [integrity check]
2024-10-13 20:00:06,796 [INFO] IntegrityCheckThread:103 - End integrity checks thread
2024-10-13 20:24:14,470 [ERROR] LogOutputStream:75 - [STDERR_REDIRECT] 
