2024-10-07 10:09:13,947 [INFO] Activator:176 - 


2024-10-07 10:09:13,949 [INFO] Activator:177 - !SESSION log4j initialized
2024-10-07 10:09:16,312 [INFO] LogOutputStream:77 - [STDOUT_REDIRECT] 
2024-10-07 10:09:18,267 [INFO] ApplicationProperties:184 - Using Application install path: C:\ST\STM32CubeIDE_1.16.1\STM32CubeIDE\plugins\com.st.stm32cube.common.mx_6.12.1.202409122256
2024-10-07 10:09:18,318 [INFO] DbMcusXml:78 - Set database path to: C:\ST\STM32CubeIDE_1.16.1\STM32CubeIDE\plugins\com.st.stm32cube.common.mx_6.12.1.202409122256\\db\/mcu/
2024-10-07 10:09:18,321 [INFO] ApiDb:274 - Set plugin database path to: C:\ST\STM32CubeIDE_1.16.1\STM32CubeIDE\plugins\com.st.stm32cube.common.mx_6.12.1.202409122256\\db\/plugins/boardmanager/
2024-10-07 10:09:18,322 [WARN] ApiDb:259 - Overriding images path with different value:  => C:\ST\STM32CubeIDE_1.16.1\STM32CubeIDE\plugins\com.st.stm32cube.common.mx_6.12.1.202409122256\\db\/plugins/mcufinder/images/
2024-10-07 10:09:19,475 [WARN] ApiFinderProperties:113 - C:\Users\mirmi\.stmcufinder\plugins\mcufinder\mcu\mcuFinder.mfd doesn't exist
2024-10-07 10:09:19,475 [INFO] ApiDb:250 - Set database path to: C:\Users\mirmi\.stmcufinder\plugins\mcufinder//mcu/
2024-10-07 10:09:19,476 [INFO] DbMcusAds:125 - Set database path to: C:\Users\mirmi\.stmcufinder\plugins\mcufinder//mcu/
2024-10-07 10:09:19,477 [INFO] CrossReferenceDbSqlite:203 - Set database path to: C:\Users\mirmi\.stmcufinder\plugins\mcufinder//mcu/cs/
2024-10-07 10:09:19,554 [INFO] RulesReader:64 - Compatibility file has been processed (297 Rules)
2024-10-07 10:09:19,631 [INFO] DbMcusXml:78 - Set database path to: C:\ST\STM32CubeIDE_1.16.1\STM32CubeIDE\plugins\com.st.stm32cube.common.mx_6.12.1.202409122256\\db\/mcu/
2024-10-07 10:09:19,632 [INFO] ApiDb:274 - Set plugin database path to: C:\ST\STM32CubeIDE_1.16.1\STM32CubeIDE\plugins\com.st.stm32cube.common.mx_6.12.1.202409122256\\db\/plugins/boardmanager/
2024-10-07 10:09:19,632 [INFO] ApiDb:261 - Set plugin images path to: C:\ST\STM32CubeIDE_1.16.1\STM32CubeIDE\plugins\com.st.stm32cube.common.mx_6.12.1.202409122256\\db\/plugins/mcufinder/images/
2024-10-07 10:09:19,632 [WARN] DbFile:41 - Overriding database path with different value: C:\Users\mirmi\.stmcufinder\plugins\mcufinder/ => C:\Users\mirmi\.stmcufinder\plugins\mcufinder
2024-10-07 10:09:19,632 [INFO] ApiDb:250 - Set database path to: C:\Users\mirmi\.stmcufinder\plugins\mcufinder//mcu/
2024-10-07 10:09:19,632 [WARN] DbFile:41 - Overriding database path with different value: C:\Users\mirmi\.stmcufinder\plugins\mcufinder/ => C:\Users\mirmi\.stmcufinder\plugins\mcufinder
2024-10-07 10:09:19,632 [INFO] DbMcusAds:125 - Set database path to: C:\Users\mirmi\.stmcufinder\plugins\mcufinder//mcu/
2024-10-07 10:09:19,632 [WARN] DbFile:41 - Overriding database path with different value: C:\Users\mirmi\.stmcufinder\plugins\mcufinder/ => C:\Users\mirmi\.stmcufinder\plugins\mcufinder
2024-10-07 10:09:19,632 [WARN] DbFile:41 - Overriding database path with different value: C:\Users\mirmi\.stmcufinder\plugins\mcufinder/ => C:\Users\mirmi\.stmcufinder\plugins\mcufinder
2024-10-07 10:09:19,632 [INFO] CrossReferenceDbSqlite:203 - Set database path to: C:\Users\mirmi\.stmcufinder\plugins\mcufinder//mcu/cs/
2024-10-07 10:09:19,695 [INFO] MainPanel:268 - HeapMemory: 268435456
2024-10-07 10:09:19,754 [INFO] DbMcusXml:78 - Set database path to: C:\ST\STM32CubeIDE_1.16.1\STM32CubeIDE\plugins\com.st.stm32cube.common.mx_6.12.1.202409122256\\db\/mcu/
2024-10-07 10:09:19,754 [INFO] ApiDb:274 - Set plugin database path to: C:\ST\STM32CubeIDE_1.16.1\STM32CubeIDE\plugins\com.st.stm32cube.common.mx_6.12.1.202409122256\\db\/plugins/boardmanager/
2024-10-07 10:09:19,754 [INFO] ApiDb:261 - Set plugin images path to: C:\ST\STM32CubeIDE_1.16.1\STM32CubeIDE\plugins\com.st.stm32cube.common.mx_6.12.1.202409122256\\db\/plugins/mcufinder/images/
2024-10-07 10:09:19,754 [WARN] DbFile:41 - Overriding database path with different value: C:\Users\mirmi\.stmcufinder\plugins\mcufinder/ => C:\Users\mirmi\.stmcufinder\plugins\mcufinder
2024-10-07 10:09:19,754 [INFO] ApiDb:250 - Set database path to: C:\Users\mirmi\.stmcufinder\plugins\mcufinder//mcu/
2024-10-07 10:09:19,755 [WARN] DbFile:41 - Overriding database path with different value: C:\Users\mirmi\.stmcufinder\plugins\mcufinder/ => C:\Users\mirmi\.stmcufinder\plugins\mcufinder
2024-10-07 10:09:19,755 [INFO] DbMcusAds:125 - Set database path to: C:\Users\mirmi\.stmcufinder\plugins\mcufinder//mcu/
2024-10-07 10:09:19,755 [WARN] DbFile:41 - Overriding database path with different value: C:\Users\mirmi\.stmcufinder\plugins\mcufinder/ => C:\Users\mirmi\.stmcufinder\plugins\mcufinder
2024-10-07 10:09:19,755 [WARN] DbFile:41 - Overriding database path with different value: C:\Users\mirmi\.stmcufinder\plugins\mcufinder/ => C:\Users\mirmi\.stmcufinder\plugins\mcufinder
2024-10-07 10:09:19,755 [INFO] CrossReferenceDbSqlite:203 - Set database path to: C:\Users\mirmi\.stmcufinder\plugins\mcufinder//mcu/cs/
2024-10-07 10:09:19,770 [INFO] ApplicationProperties:184 - Using Application install path: C:\ST\STM32CubeIDE_1.16.1\STM32CubeIDE\plugins\com.st.stm32cube.common.mx_6.12.1.202409122256
2024-10-07 10:09:19,771 [INFO] PluginManage:196 - Search for loadable plugins [exclusion list=, ]
2024-10-07 10:09:19,772 [INFO] PluginManage:310 - Check plugin analytics
2024-10-07 10:09:19,987 [INFO] AnalyticsPlugin:253 - Accepted Software Licenses: 
2024-10-07 10:09:19,988 [INFO] AnalyticsPlugin:255 - Accepted CMSIS Pack Licenses: 
2024-10-07 10:09:19,988 [INFO] AnalyticsPlugin:257 - Accepted Firmware Licenses: 
2024-10-07 10:09:19,992 [INFO] PluginManage:359 - Loaded plugin analytics (category:tool,tabindex:-1)
2024-10-07 10:09:19,992 [INFO] PluginManage:310 - Check plugin cadmodel
2024-10-07 10:09:19,997 [INFO] CADModel:105 - Init CAD model plugin
2024-10-07 10:09:19,998 [INFO] PluginManage:359 - Loaded plugin cadmodel (category:power,tabindex:5)
2024-10-07 10:09:19,998 [INFO] PluginManage:310 - Check plugin clock
2024-10-07 10:09:20,012 [INFO] PluginManage:359 - Loaded plugin clock (category:base,tabindex:2)
2024-10-07 10:09:20,012 [INFO] PluginManage:310 - Check plugin ddr
2024-10-07 10:09:20,018 [INFO] PluginManage:359 - Loaded plugin ddr (category:tool,tabindex:6)
2024-10-07 10:09:20,018 [INFO] PluginManage:310 - Check plugin filemanager
2024-10-07 10:09:20,197 [INFO] PluginManage:359 - Loaded plugin filemanager (category:base,tabindex:10)
2024-10-07 10:09:20,197 [INFO] PluginManage:310 - Check plugin ipmanager
2024-10-07 10:09:20,206 [INFO] PluginManage:359 - Loaded plugin ipmanager (category:base,tabindex:5)
2024-10-07 10:09:20,206 [INFO] PluginManage:310 - Check plugin lpbam
2024-10-07 10:09:20,213 [INFO] PluginManage:359 - Loaded plugin lpbam (category:base,tabindex:0)
2024-10-07 10:09:20,214 [INFO] PluginManage:310 - Check plugin memorymap
2024-10-07 10:09:20,253 [INFO] PluginManage:359 - Loaded plugin memorymap (category:base,tabindex:4)
2024-10-07 10:09:20,254 [INFO] PluginManage:310 - Check plugin pinoutandconfiguration
2024-10-07 10:09:20,276 [INFO] PluginManage:359 - Loaded plugin pinoutandconfiguration (category:base,tabindex:1)
2024-10-07 10:09:20,276 [INFO] PluginManage:310 - Check plugin pinoutconfig
2024-10-07 10:09:20,360 [WARN] SupportedApi:132 - Cannot load RTOS API schema: s4s-elt-must-match.1: The content of 'definitions' must match (annotation?, (simpleType | complexType)?, (unique | key | keyref)*)). A problem was found starting at: attribute.
2024-10-07 10:09:20,449 [INFO] PluginManage:359 - Loaded plugin pinoutconfig (category:base,tabindex:0)
2024-10-07 10:09:20,450 [INFO] PluginManage:310 - Check plugin power
2024-10-07 10:09:20,455 [INFO] PluginManage:359 - Loaded plugin power (category:power,tabindex:4)
2024-10-07 10:09:20,455 [INFO] PluginManage:310 - Check plugin projectmanager
2024-10-07 10:09:20,469 [INFO] PluginManage:359 - Loaded plugin projectmanager (category:projectmanager,tabindex:4)
2024-10-07 10:09:20,470 [INFO] PluginManage:310 - Check plugin rif
2024-10-07 10:09:20,474 [INFO] PluginManage:359 - Loaded plugin rif (category:base,tabindex:3)
2024-10-07 10:09:20,474 [INFO] PluginManage:310 - Check plugin thirdparty
2024-10-07 10:09:20,598 [INFO] PluginManage:359 - Loaded plugin thirdparty (category:base,tabindex:-1)
2024-10-07 10:09:20,599 [INFO] PluginManage:310 - Check plugin tools
2024-10-07 10:09:20,599 [WARN] IntegrityCheckThread:84 - waiting for thirdparty lock release [integrity check]
2024-10-07 10:09:20,599 [INFO] IntegrityCheckThread:86 - entering critical section [integrity check]
2024-10-07 10:09:20,601 [INFO] ThirdPartyUpdaterWithRetryManager:70 - Updater plugin not ready yet. [1/15]
2024-10-07 10:09:20,607 [INFO] PluginManage:359 - Loaded plugin tools (category:base,tabindex:7)
2024-10-07 10:09:20,607 [INFO] PluginManage:310 - Check plugin tutovideos
2024-10-07 10:09:20,750 [INFO] PluginManage:359 - Loaded plugin tutovideos (category:base,tabindex:-1)
2024-10-07 10:09:20,751 [INFO] PluginManage:310 - Check plugin updater
2024-10-07 10:09:20,768 [INFO] PluginManage:359 - Loaded plugin updater (category:base,tabindex:12)
2024-10-07 10:09:20,768 [INFO] PluginManage:310 - Check plugin userauth
2024-10-07 10:09:20,773 [INFO] UserAuth:113 - Init User Auth plugin
2024-10-07 10:09:20,773 [INFO] PluginManage:359 - Loaded plugin userauth (category:base,tabindex:14)
2024-10-07 10:09:20,774 [INFO] PluginManage:283 - PluginManage : Loaded plugins [18]
2024-10-07 10:09:20,987 [INFO] PinOutPanel:1561 - setPackage(No Configuration,No Configuration)
2024-10-07 10:09:21,076 [INFO] CADModel:165 - CPN selected for project level
2024-10-07 10:09:21,077 [INFO] CADModel:114 - Register for checkConnection events
2024-10-07 10:09:21,088 [INFO] IPUIPlugin:80 - create IPUIPlugin
2024-10-07 10:09:21,088 [INFO] PluginManager:220 - loadIPPluginJar : add adc
2024-10-07 10:09:21,091 [INFO] IPUIPlugin:80 - create IPUIPlugin
2024-10-07 10:09:21,091 [INFO] PluginManager:220 - loadIPPluginJar : add aes
2024-10-07 10:09:21,096 [INFO] IPUIPlugin:80 - create IPUIPlugin
2024-10-07 10:09:21,096 [INFO] PluginManager:220 - loadIPPluginJar : add can
2024-10-07 10:09:21,098 [INFO] IPUIPlugin:80 - create IPUIPlugin
2024-10-07 10:09:21,098 [INFO] PluginManager:220 - loadIPPluginJar : add comp
2024-10-07 10:09:21,100 [INFO] IPUIPlugin:80 - create IPUIPlugin
2024-10-07 10:09:21,100 [INFO] PluginManager:220 - loadIPPluginJar : add cryp
2024-10-07 10:09:21,102 [INFO] IPUIPlugin:80 - create IPUIPlugin
2024-10-07 10:09:21,102 [INFO] PluginManager:220 - loadIPPluginJar : add ddr_ctrl_phy
2024-10-07 10:09:21,104 [INFO] IPUIPlugin:80 - create IPUIPlugin
2024-10-07 10:09:21,104 [INFO] PluginManager:220 - loadIPPluginJar : add dfsdm
2024-10-07 10:09:21,108 [INFO] IPUIPlugin:80 - create IPUIPlugin
2024-10-07 10:09:21,108 [INFO] PluginManager:220 - loadIPPluginJar : add dma
2024-10-07 10:09:21,110 [INFO] IPUIPlugin:80 - create IPUIPlugin
2024-10-07 10:09:21,110 [INFO] PluginManager:220 - loadIPPluginJar : add dma3
2024-10-07 10:09:21,112 [INFO] IPUIPlugin:80 - create IPUIPlugin
2024-10-07 10:09:21,112 [INFO] PluginManager:220 - loadIPPluginJar : add extmemmanager
2024-10-07 10:09:21,116 [INFO] IPUIPlugin:80 - create IPUIPlugin
2024-10-07 10:09:21,116 [INFO] PluginManager:220 - loadIPPluginJar : add fatfs
2024-10-07 10:09:21,120 [INFO] IPUIPlugin:80 - create IPUIPlugin
2024-10-07 10:09:21,121 [INFO] PluginManager:220 - loadIPPluginJar : add fmc
2024-10-07 10:09:21,125 [INFO] IPUIPlugin:80 - create IPUIPlugin
2024-10-07 10:09:21,126 [INFO] PluginManager:220 - loadIPPluginJar : add freertos
2024-10-07 10:09:21,127 [INFO] IPUIPlugin:80 - create IPUIPlugin
2024-10-07 10:09:21,127 [INFO] PluginManager:220 - loadIPPluginJar : add genericplugin
2024-10-07 10:09:21,129 [INFO] IPUIPlugin:80 - create IPUIPlugin
2024-10-07 10:09:21,129 [INFO] PluginManager:220 - loadIPPluginJar : add gfxmmu
2024-10-07 10:09:21,136 [INFO] IPUIPlugin:80 - create IPUIPlugin
2024-10-07 10:09:21,136 [INFO] PluginManager:220 - loadIPPluginJar : add gic
2024-10-07 10:09:21,142 [INFO] IPUIPlugin:80 - create IPUIPlugin
2024-10-07 10:09:21,142 [INFO] PluginManager:220 - loadIPPluginJar : add gpio
2024-10-07 10:09:21,145 [INFO] IPUIPlugin:80 - create IPUIPlugin
2024-10-07 10:09:21,145 [INFO] PluginManager:220 - loadIPPluginJar : add gtzc
2024-10-07 10:09:21,147 [INFO] IPUIPlugin:80 - create IPUIPlugin
2024-10-07 10:09:21,147 [INFO] PluginManager:220 - loadIPPluginJar : add hash
2024-10-07 10:09:21,151 [INFO] IPUIPlugin:80 - create IPUIPlugin
2024-10-07 10:09:21,151 [INFO] PluginManager:220 - loadIPPluginJar : add i2c
2024-10-07 10:09:21,153 [INFO] IPUIPlugin:80 - create IPUIPlugin
2024-10-07 10:09:21,154 [INFO] PluginManager:220 - loadIPPluginJar : add i2s
2024-10-07 10:09:21,157 [INFO] IPUIPlugin:80 - create IPUIPlugin
2024-10-07 10:09:21,157 [INFO] PluginManager:220 - loadIPPluginJar : add i3c
2024-10-07 10:09:21,166 [INFO] IPUIPlugin:80 - create IPUIPlugin
2024-10-07 10:09:21,166 [INFO] PluginManager:220 - loadIPPluginJar : add ipddr
2024-10-07 10:09:21,175 [INFO] IPUIPlugin:80 - create IPUIPlugin
2024-10-07 10:09:21,175 [INFO] PluginManager:220 - loadIPPluginJar : add linkedlist
2024-10-07 10:09:21,180 [INFO] IPUIPlugin:80 - create IPUIPlugin
2024-10-07 10:09:21,180 [INFO] PluginManager:220 - loadIPPluginJar : add lorawan
2024-10-07 10:09:21,182 [INFO] IPUIPlugin:80 - create IPUIPlugin
2024-10-07 10:09:21,182 [INFO] PluginManager:220 - loadIPPluginJar : add ltdc
2024-10-07 10:09:21,187 [INFO] IPUIPlugin:80 - create IPUIPlugin
2024-10-07 10:09:21,188 [INFO] PluginManager:220 - loadIPPluginJar : add mdma
2024-10-07 10:09:21,192 [INFO] IPUIPlugin:80 - create IPUIPlugin
2024-10-07 10:09:21,192 [INFO] PluginManager:220 - loadIPPluginJar : add nvic
2024-10-07 10:09:21,195 [INFO] IPUIPlugin:80 - create IPUIPlugin
2024-10-07 10:09:21,195 [INFO] PluginManager:220 - loadIPPluginJar : add opamp
2024-10-07 10:09:21,198 [INFO] IPUIPlugin:80 - create IPUIPlugin
2024-10-07 10:09:21,198 [INFO] PluginManager:220 - loadIPPluginJar : add openamp
2024-10-07 10:09:21,201 [INFO] IPUIPlugin:80 - create IPUIPlugin
2024-10-07 10:09:21,202 [INFO] PluginManager:220 - loadIPPluginJar : add pdm2pcm
2024-10-07 10:09:21,208 [INFO] IPUIPlugin:80 - create IPUIPlugin
2024-10-07 10:09:21,211 [INFO] PluginManager:220 - loadIPPluginJar : add plateformsettings
2024-10-07 10:09:21,213 [INFO] IPUIPlugin:80 - create IPUIPlugin
2024-10-07 10:09:21,213 [INFO] PluginManager:220 - loadIPPluginJar : add quadspi
2024-10-07 10:09:21,214 [INFO] IPUIPlugin:80 - create IPUIPlugin
2024-10-07 10:09:21,215 [INFO] PluginManager:220 - loadIPPluginJar : add radio
2024-10-07 10:09:21,217 [INFO] IPUIPlugin:80 - create IPUIPlugin
2024-10-07 10:09:21,217 [INFO] PluginManager:220 - loadIPPluginJar : add resmgrutility
2024-10-07 10:09:21,219 [INFO] IPUIPlugin:80 - create IPUIPlugin
2024-10-07 10:09:21,219 [INFO] PluginManager:220 - loadIPPluginJar : add sai
2024-10-07 10:09:21,221 [INFO] IPUIPlugin:80 - create IPUIPlugin
2024-10-07 10:09:21,221 [INFO] PluginManager:220 - loadIPPluginJar : add spi
2024-10-07 10:09:21,225 [INFO] IPUIPlugin:80 - create IPUIPlugin
2024-10-07 10:09:21,225 [INFO] PluginManager:220 - loadIPPluginJar : add stm32_wpan
2024-10-07 10:09:21,227 [INFO] IPUIPlugin:80 - create IPUIPlugin
2024-10-07 10:09:21,227 [INFO] PluginManager:220 - loadIPPluginJar : add tim
2024-10-07 10:09:21,230 [INFO] IPUIPlugin:80 - create IPUIPlugin
2024-10-07 10:09:21,230 [INFO] PluginManager:220 - loadIPPluginJar : add touchsensing
2024-10-07 10:09:21,231 [INFO] IPUIPlugin:80 - create IPUIPlugin
2024-10-07 10:09:21,231 [INFO] PluginManager:220 - loadIPPluginJar : add tracer_emb
2024-10-07 10:09:21,232 [INFO] IPUIPlugin:80 - create IPUIPlugin
2024-10-07 10:09:21,232 [INFO] PluginManager:220 - loadIPPluginJar : add ts
2024-10-07 10:09:21,233 [INFO] IPUIPlugin:80 - create IPUIPlugin
2024-10-07 10:09:21,233 [INFO] PluginManager:220 - loadIPPluginJar : add tsc
2024-10-07 10:09:21,235 [INFO] IPUIPlugin:80 - create IPUIPlugin
2024-10-07 10:09:21,236 [INFO] PluginManager:220 - loadIPPluginJar : add ucpd
2024-10-07 10:09:21,238 [INFO] IPUIPlugin:80 - create IPUIPlugin
2024-10-07 10:09:21,238 [INFO] PluginManager:220 - loadIPPluginJar : add usart
2024-10-07 10:09:21,242 [INFO] IPUIPlugin:80 - create IPUIPlugin
2024-10-07 10:09:21,242 [INFO] PluginManager:220 - loadIPPluginJar : add usbx
2024-10-07 10:09:21,359 [INFO] CADModel:165 - CPN selected for project level
2024-10-07 10:09:21,359 [INFO] CADModel:114 - Register for checkConnection events
2024-10-07 10:09:21,360 [FATAL] Updater:334 - Updater called before beeing initialized
2024-10-07 10:09:21,360 [ERROR] CADModel:125 - Updater not yet initialized, retry later 
2024-10-07 10:09:21,471 [INFO] CADModel:165 - CPN selected for project level
2024-10-07 10:09:21,471 [INFO] CADModel:114 - Register for checkConnection events
2024-10-07 10:09:21,471 [FATAL] Updater:334 - Updater called before beeing initialized
2024-10-07 10:09:21,471 [ERROR] CADModel:125 - Updater not yet initialized, retry later 
2024-10-07 10:09:21,475 [FATAL] Updater:334 - Updater called before beeing initialized
2024-10-07 10:09:21,577 [FATAL] Updater:334 - Updater called before beeing initialized
2024-10-07 10:09:21,579 [INFO] DbMcusAds:53 - JSON generation date=Thu Sep 30 16:55:09 AEST 2021 (1632984909247)
2024-10-07 10:09:21,580 [FATAL] Updater:334 - Updater called before beeing initialized
2024-10-07 10:09:21,609 [WARN] DetailPanel:346 - Failed to get advertising image, set to default
2024-10-07 10:09:21,673 [FATAL] Updater:334 - Updater called before beeing initialized
2024-10-07 10:09:21,674 [FATAL] Updater:334 - Updater called before beeing initialized
2024-10-07 10:09:21,675 [FATAL] Updater:334 - Updater called before beeing initialized
2024-10-07 10:09:21,675 [WARN] DetailPanel:346 - Failed to get advertising image, set to default
2024-10-07 10:09:21,675 [FATAL] Updater:334 - Updater called before beeing initialized
2024-10-07 10:09:21,713 [ERROR] Updater:1164 - MainUpdater not yet initialized. External WinMGr cannot be set.
2024-10-07 10:09:21,714 [INFO] Updater:1100 - Updater Version found : 6.12.1
2024-10-07 10:09:21,727 [INFO] ApplicationProperties:184 - Using Application install path: C:\ST\STM32CubeIDE_1.16.1\STM32CubeIDE\plugins\com.st.stm32cube.common.mx_6.12.1.202409122256
2024-10-07 10:09:23,293 [ERROR] LogOutputStream:75 - [STDERR_REDIRECT] Oct 07, 2024 10:09:23 AM java.util.prefs.WindowsPreferences <init>
2024-10-07 10:09:23,296 [ERROR] LogOutputStream:75 - [STDERR_REDIRECT] WARNING: Could not open/create prefs root node Software\JavaSoft\Prefs at root 0xffffffff80000002. Windows RegCreateKeyEx(...) returned error code 5.
2024-10-07 10:09:23,299 [ERROR] LogOutputStream:75 - [STDERR_REDIRECT] 
2024-10-07 10:09:23,315 [INFO] MainUpdater:526 - Copy updater definitions from MX database
2024-10-07 10:09:23,370 [INFO] MainUpdater:559 - Copy flag file definitions from MX database
2024-10-07 10:09:23,383 [INFO] MainUpdater:575 - Copy thirdparty index definitions from MX database
2024-10-07 10:09:23,385 [INFO] MainUpdater:594 - Copy default thirdparty db definitions from MX database
2024-10-07 10:09:23,571 [INFO] MainUpdater:2873 - connection check result : 10
2024-10-07 10:09:23,571 [INFO] MainUpdater:3567 - Updater definition file requires update
2024-10-07 10:09:23,572 [INFO] MainUpdater:290 - Updater Check For Update Now.
2024-10-07 10:09:23,572 [INFO] MicroXplorer:498 - Change Database Version : DB.6.0.121
2024-10-07 10:09:23,578 [INFO] McuFinderGlobals:63 - Set McuFinder mode to 2 (CubeIDE integrated)
2024-10-07 10:09:23,579 [INFO] UserAuth:179 - activating auth plugin
2024-10-07 10:09:23,581 [INFO] UserAuth:417 - Internet connection configuration mode: 1
2024-10-07 10:09:23,591 [INFO] JxBrowserEngine:152 - Initiate JxBrowser Engine with user profile folder
2024-10-07 10:09:23,602 [WARN] MainUpdater:1194 - Updater busy. Cannot search thirdparties
2024-10-07 10:09:23,602 [INFO] ThirdPartyUpdaterWithRetryManager:96 - Updater plugin is busy. [1/15]
2024-10-07 10:09:23,634 [INFO] ServerAccessManage:473 - Download File updaters.zip
2024-10-07 10:09:23,734 [INFO] FileExtend:240 - Unzip File : updaters.zip
2024-10-07 10:09:23,734 [INFO] FileExtend:255 - Standard Zip Deflate
2024-10-07 10:09:24,262 [INFO] ServerAccessManage:473 - Download File PacksControlFlags.xml
2024-10-07 10:09:24,360 [INFO] ServerAccessManage:473 - Download File cubemx.pidx
2024-10-07 10:09:25,597 [INFO] ServerAccessManage:473 - Download File STMicroelectronics.FP-ATR-ASTRA1.pdsc
2024-10-07 10:09:26,603 [WARN] MainUpdater:1194 - Updater busy. Cannot search thirdparties
2024-10-07 10:09:26,604 [INFO] ThirdPartyUpdaterWithRetryManager:96 - Updater plugin is busy. [2/15]
2024-10-07 10:09:27,876 [INFO] WebApp:167 - Instantiating new browser for Auth
2024-10-07 10:09:28,561 [INFO] WebApp:448 - Apply proxy settings
2024-10-07 10:09:28,562 [INFO] WebApp:533 - Chromium requires no authentication
2024-10-07 10:09:28,572 [INFO] WebApp:476 - Direct internet connection detected
2024-10-07 10:09:28,600 [INFO] WebApp:869 - Register for checkConnection events
2024-10-07 10:09:28,600 [INFO] WebApp:448 - Apply proxy settings
2024-10-07 10:09:28,600 [INFO] WebApp:533 - Chromium requires no authentication
2024-10-07 10:09:28,601 [INFO] WebApp:476 - Direct internet connection detected
2024-10-07 10:09:28,873 [INFO] WebApp:220 - Starting web application
2024-10-07 10:09:28,873 [INFO] WebApp:578 - Web application path used C:\ST\STM32CubeIDE_1.16.1\STM32CubeIDE\plugins\com.st.stm32cube.common.mx_6.12.1.202409122256\db\plugins\mcufinder\reactClient1\index.html
2024-10-07 10:09:29,069 [INFO] WebApp:186 - Connection restablished
2024-10-07 10:09:29,607 [WARN] MainUpdater:1194 - Updater busy. Cannot search thirdparties
2024-10-07 10:09:29,607 [INFO] ThirdPartyUpdaterWithRetryManager:96 - Updater plugin is busy. [3/15]
2024-10-07 10:09:30,436 [INFO] ServerAccessManage:473 - Download File STMicroelectronics.FP-ATR-SIGFOX1.pdsc
2024-10-07 10:09:32,608 [WARN] MainUpdater:1194 - Updater busy. Cannot search thirdparties
2024-10-07 10:09:32,608 [INFO] ThirdPartyUpdaterWithRetryManager:96 - Updater plugin is busy. [4/15]
2024-10-07 10:09:32,834 [INFO] ServerAccessManage:473 - Download File STMicroelectronics.FP-SNS-STBOX1.pdsc
2024-10-07 10:09:35,222 [INFO] ServerAccessManage:473 - Download File STMicroelectronics.FP-SNS-FLIGHT1.pdsc
2024-10-07 10:09:35,609 [WARN] MainUpdater:1194 - Updater busy. Cannot search thirdparties
2024-10-07 10:09:35,609 [INFO] ThirdPartyUpdaterWithRetryManager:96 - Updater plugin is busy. [5/15]
2024-10-07 10:09:38,434 [INFO] ServerAccessManage:473 - Download File STMicroelectronics.FP-SNS-MOTENV1.pdsc
2024-10-07 10:09:38,612 [WARN] MainUpdater:1194 - Updater busy. Cannot search thirdparties
2024-10-07 10:09:38,612 [INFO] ThirdPartyUpdaterWithRetryManager:96 - Updater plugin is busy. [6/15]
2024-10-07 10:09:41,613 [WARN] MainUpdater:1194 - Updater busy. Cannot search thirdparties
2024-10-07 10:09:41,613 [INFO] ThirdPartyUpdaterWithRetryManager:96 - Updater plugin is busy. [7/15]
2024-10-07 10:09:44,363 [INFO] ServerAccessManage:473 - Download File STMicroelectronics.FP-SNS-MOTENVWB1.pdsc
2024-10-07 10:09:44,615 [WARN] MainUpdater:1194 - Updater busy. Cannot search thirdparties
2024-10-07 10:09:44,615 [INFO] ThirdPartyUpdaterWithRetryManager:96 - Updater plugin is busy. [8/15]
2024-10-07 10:09:47,616 [WARN] MainUpdater:1194 - Updater busy. Cannot search thirdparties
2024-10-07 10:09:47,616 [INFO] ThirdPartyUpdaterWithRetryManager:96 - Updater plugin is busy. [9/15]
2024-10-07 10:09:49,110 [INFO] ServerAccessManage:473 - Download File STMicroelectronics.FP-SNS-SMARTAG2.pdsc
2024-10-07 10:09:50,363 [INFO] ServerAccessManage:473 - Download File STMicroelectronics.X-CUBE-AI.pdsc
2024-10-07 10:09:50,617 [WARN] MainUpdater:1194 - Updater busy. Cannot search thirdparties
2024-10-07 10:09:50,617 [INFO] ThirdPartyUpdaterWithRetryManager:96 - Updater plugin is busy. [10/15]
2024-10-07 10:09:51,900 [INFO] ServerAccessManage:473 - Download File STMicroelectronics.X-CUBE-ALS.pdsc
2024-10-07 10:09:53,620 [WARN] MainUpdater:1194 - Updater busy. Cannot search thirdparties
2024-10-07 10:09:53,620 [INFO] ThirdPartyUpdaterWithRetryManager:96 - Updater plugin is busy. [11/15]
2024-10-07 10:09:56,621 [WARN] MainUpdater:1194 - Updater busy. Cannot search thirdparties
2024-10-07 10:09:56,621 [INFO] ThirdPartyUpdaterWithRetryManager:96 - Updater plugin is busy. [12/15]
2024-10-07 10:09:56,829 [INFO] ServerAccessManage:473 - Download File STMicroelectronics.X-CUBE-BLE1.pdsc
2024-10-07 10:09:59,624 [WARN] MainUpdater:1194 - Updater busy. Cannot search thirdparties
2024-10-07 10:09:59,625 [INFO] ThirdPartyUpdaterWithRetryManager:96 - Updater plugin is busy. [13/15]
2024-10-07 10:10:02,626 [WARN] MainUpdater:1194 - Updater busy. Cannot search thirdparties
2024-10-07 10:10:02,626 [INFO] ThirdPartyUpdaterWithRetryManager:96 - Updater plugin is busy. [14/15]
2024-10-07 10:10:05,627 [WARN] MainUpdater:1194 - Updater busy. Cannot search thirdparties
2024-10-07 10:10:05,627 [INFO] ThirdPartyUpdaterWithRetryManager:96 - Updater plugin is busy. [15/15]
2024-10-07 10:10:05,627 [ERROR] IntegrityCheckThread:130 - Cannot retrieve database content from updater: error -1
2024-10-07 10:10:05,627 [INFO] ThirdParty:978 - Integrity check success = false
2024-10-07 10:10:05,627 [INFO] IntegrityCheckThread:100 - exiting critical section [integrity check]
2024-10-07 10:10:05,627 [INFO] IntegrityCheckThread:103 - End integrity checks thread
2024-10-07 10:10:11,514 [ERROR] ServerAccessManage:1089 - Problem, file not found on Server
2024-10-07 10:10:12,628 [INFO] ServerAccessManage:473 - Download File STMicroelectronics.X-CUBE-BLE2.pdsc
2024-10-07 10:10:22,381 [INFO] ServerAccessManage:473 - Download File STMicroelectronics.X-CUBE-BLEMGR.pdsc
2024-10-07 10:10:31,897 [INFO] ServerAccessManage:473 - Download File STMicroelectronics.X-CUBE-DISPLAY.pdsc
2024-10-07 10:10:39,979 [INFO] ServerAccessManage:473 - Download File STMicroelectronics.X-CUBE-DPOWER.pdsc
2024-10-07 10:10:42,237 [ERROR] ServerAccessManage:1089 - Problem, file not found on Server
2024-10-07 10:10:42,567 [INFO] McuFinderGlobals:63 - Set McuFinder mode to 2 (CubeIDE integrated)
2024-10-07 10:10:43,342 [ERROR] ServerAccessManage:1089 - Problem, file not found on Server
2024-10-07 10:10:44,424 [ERROR] ServerAccessManage:1089 - Problem, file not found on Server
2024-10-07 10:10:45,506 [ERROR] ServerAccessManage:1089 - Problem, file not found on Server
2024-10-07 10:10:46,594 [ERROR] ServerAccessManage:1089 - Problem, file not found on Server
2024-10-07 10:10:47,823 [ERROR] ServerAccessManage:1089 - Problem, file not found on Server
2024-10-07 10:10:48,957 [ERROR] ServerAccessManage:1089 - Problem, file not found on Server
2024-10-07 10:10:50,036 [ERROR] ServerAccessManage:1089 - Problem, file not found on Server
2024-10-07 10:10:51,149 [ERROR] ServerAccessManage:1089 - Problem, file not found on Server
2024-10-07 10:10:52,265 [ERROR] ServerAccessManage:1089 - Problem, file not found on Server
2024-10-07 10:10:53,382 [ERROR] ServerAccessManage:1089 - Problem, file not found on Server
2024-10-07 10:10:54,484 [INFO] ServerAccessManage:473 - Download File STMicroelectronics.X-CUBE-EEPRMA1.pdsc
2024-10-07 10:10:56,702 [ERROR] ServerAccessManage:1089 - Problem, file not found on Server
2024-10-07 10:11:00,012 [ERROR] ServerAccessManage:1089 - Problem, file not found on Server
2024-10-07 10:11:02,639 [INFO] MainUpdater:2873 - connection check result : 10
2024-10-07 10:11:04,684 [INFO] ServerAccessManage:473 - Download File STMicroelectronics.X-CUBE-FREERTOS.pdsc
2024-10-07 10:11:09,684 [INFO] ServerAccessManage:473 - Download File STMicroelectronics.X-CUBE-GNSS1.pdsc
2024-10-07 10:11:21,369 [ERROR] ServerAccessManage:1089 - Problem, file not found on Server
2024-10-07 10:11:22,454 [ERROR] ServerAccessManage:1089 - Problem, file not found on Server
2024-10-07 10:11:22,961 [INFO] ApiDb:581 - Connected to CubeFinder SQLite database (C:\Users\mirmi\.stmcufinder\plugins\mcufinder\mcu\cube-finder-db.db)
2024-10-07 10:11:23,009 [INFO] ApiDb:668 - CubeFinder database Data Model version=2.1
2024-10-07 10:11:23,009 [INFO] ApiDb:669 - CubeFinder database Configuration version=3.0.39
2024-10-07 10:11:23,010 [INFO] ApiDb:670 - CubeFinder database generation date=2024-08-29 (1724861534)
2024-10-07 10:11:23,010 [INFO] ApiDb:671 - CubeFinder database FW Pack versions=[FP-ATR-ASTRA1_V2.0.0, FP-SNS-FLIGHT1_V5.0.2, FP-SNS-MOTENV1_V5.0.0, FP-SNS-MOTENVWB1_V1.4.0, FP-SNS-SMARTAG2_V1.2.0, FP-SNS-STBOX1_V2.0.0, STM32Cube_FW_C0_V1.2.0, STM32Cube_FW_F4_V1.28.0, STM32Cube_FW_F7_V1.17.2, STM32Cube_FW_G0_V1.6.2, STM32Cube_FW_G4_V1.6.0, STM32Cube_FW_H5_V1.3.0, STM32Cube_FW_H7RS_V1.1.0, STM32Cube_FW_H7_V1.11.2, STM32Cube_FW_L0_V1.12.2, STM32Cube_FW_L5_V1.5.1, STM32Cube_FW_U0_V1.1.0, STM32Cube_FW_U5_V1.6.0, STM32Cube_FW_WB0_V1.0.0, STM32Cube_FW_WBA_V1.4.1, STM32Cube_FW_WB_V1.20.0, STM32Cube_FW_WL_V1.3.0, X-CUBE-ALGOBUILD_V1.4.0, X-CUBE-ALS_V1.0.2, X-CUBE-AZRTOS-F4_V1.1.0, X-CUBE-AZRTOS-F7_V1.1.0, X-CUBE-AZRTOS-G0_V1.1.0, X-CUBE-AZRTOS-G4_V2.0.0, X-CUBE-AZRTOS-H7RS_V1.0.0, X-CUBE-AZRTOS-H7_V3.2.0, X-CUBE-AZRTOS-L4_V2.0.0, X-CUBE-AZRTOS-L5_V1.1.0, X-CUBE-AZRTOS-WB_V2.0.0, X-CUBE-AZRTOS-WL_V2.0.0, X-CUBE-BLE1_V7.0.0, X-CUBE-BLE2_V3.3.0, X-CUBE-BLEMGR_V3.1.0, X-CUBE-EEPRMA1_V5.1.0, X-CUBE-FREERTOS_V1.2.0, X-CUBE-GNSS1_V6.0.0, X-CUBE-MEMS1_V10.0.0, X-CUBE-NFC4_V3.0.0, X-CUBE-NFC7_V1.0.1, X-CUBE-SFXS2LP1_V4.0.0, X-CUBE-SUBG2_V5.0.0, X-CUBE-TOF1_V3.4.2]
2024-10-07 10:11:23,060 [INFO] DbBoardsSqlite:226 - include board P-NUCLEO-WB55-NUCLEO as a kit item of type 'Nucleo-64'
2024-10-07 10:11:23,060 [INFO] DbBoardsSqlite:226 - include board P-NUCLEO-WB55-USBDONGLE as a kit item of type 'Nucleo USB Dongle'
2024-10-07 10:11:23,061 [INFO] DbBoardsSqlite:226 - include board STEVAL-IDP005V1 as a kit item of type 'Evaluation Board'
2024-10-07 10:11:23,061 [INFO] DbBoardsSqlite:226 - include board STEVAL-IDP005V2 as a kit item of type 'Evaluation Board'
2024-10-07 10:11:23,105 [INFO] ApiDb:240 - Found 646 in-development CPN: [B-G473E-ZEST1S, B-WB1M-WPAN1, B-WL5M-SUBG1, NUCLEO-C031C6, NUCLEO-C071RB, NUCLEO-H503RB, NUCLEO-H533RE, NUCLEO-H563ZI, NUCLEO-H7S3L8, NUCLEO-U031R8, NUCLEO-U083RC, NUCLEO-U545RE-Q, NUCLEO-U5A5ZJ-Q, NUCLEO-WB05KZ, NUCLEO-WB07CC, NUCLEO-WB09KE, NUCLEO-WBA52CG, NUCLEO-WBA55CG, STEVAL-PROTEUS1, STEVAL-SMARTAG2, STEVAL-STWINBX1, STM320518-EVAL, STM32C0116-DK, STM32C011D6Y3TR, STM32C011D6Y6TR, STM32C011F4P3, STM32C011F4P6, STM32C011F4U3, STM32C011F4U6TR, STM32C011F6P3, STM32C011F6P6, STM32C011F6U3, STM32C011F6U6TR, STM32C011J4M3, STM32C011J4M6, STM32C011J6M3, STM32C011J6M6, STM32C0316-DK, STM32C031C4T3, STM32C031C4T6, STM32C031C4U3, STM32C031C4U6, STM32C031C6T3, STM32C031C6T6, STM32C031C6U3, STM32C031C6U6, STM32C031F4P3, STM32C031F4P6, STM32C031F6P3, STM32C031F6P6, STM32C031G4U3, STM32C031G4U6, STM32C031G6U3, STM32C031G6U6, STM32C031K4T3, STM32C031K4T6, STM32C031K4U3, STM32C031K4U6, STM32C031K6T3, STM32C031K6T6, STM32C031K6U3, STM32C031K6U6, STM32C071C8T6, STM32C071C8T6N, STM32C071C8U6, STM32C071C8U6N, STM32C071CBT6, STM32C071CBT6N, STM32C071CBU6, STM32C071CBU6N, STM32C071F8P6, STM32C071F8P6N, STM32C071FBP6, STM32C071FBP6N, STM32C071FBY6TR, STM32C071G8U6, STM32C071G8U6N, STM32C071GBU6, STM32C071GBU6N, STM32C071K8T6, STM32C071K8T6N, STM32C071K8U6, STM32C071K8U6N, STM32C071KBT6, STM32C071KBT6N, STM32C071KBU6, STM32C071KBU6N, STM32C071R8T6, STM32C071R8T6N, STM32C071RBI6N, STM32C071RBT6, STM32C071RBT6N, STM32G071K8TXN, STM32G071K8UXN, STM32G081GBU6N, STM32G081KBT6N, STM32G081KBUXN, STM32G0B1CCT6N, STM32G0B1KCT6, STM32G0B1NEY6TR, STM32G0B1RCT6N, STM32G0C1CCT6, STM32G0C1CCT6N, STM32G0C1CCU6N, STM32G0C1CET6N, STM32G0C1CEU6N, STM32G0C1KCT6, STM32G0C1NEY6TR, STM32G0C1RCI6N, STM32G0C1RCT6N, STM32G0C1REI6N, STM32G0C1RET6N, STM32G0C1VCI6, STM32G0C1VEI6, STM32G411C6T3, STM32G411C6T6, STM32G411C6U3, STM32G411C6U6, STM32G411C8T3, STM32G411C8T6, STM32G411C8U3, STM32G411C8U6, STM32G411CBT3, STM32G411CBT6, STM32G411CBU3, STM32G411CBU6, STM32G411K6T3, STM32G411K6T6, STM32G411K6U3, STM32G411K6U6, STM32G411K8T3, STM32G411K8T6, STM32G411K8U3, STM32G411K8U6, STM32G411KBT3, STM32G411KBT6, STM32G411KBU3, STM32G411KBU6, STM32G411M6T3, STM32G411M6T6, STM32G411M8T3, STM32G411M8T6, STM32G411MBT3, STM32G411MBT6, STM32G411R6T3, STM32G411R6T6, STM32G411R8T3, STM32G411R8T6, STM32G411RBT3, STM32G411RBT6, STM32G414CBT3, STM32G414CBT6, STM32G414CBU3, STM32G414CBU6, STM32G414CCT3, STM32G414CCT6, STM32G414CCU3, STM32G414CCU6, STM32G414MBT3, STM32G414MBT6, STM32G414MCT3, STM32G414MCT6, STM32G414RBT3, STM32G414RBT6, STM32G414RCT3, STM32G414RCT6, STM32G414VBT3, STM32G414VBT6, STM32G414VCT3, STM32G414VCT6, STM32G431CBT3Z, STM32G431RBT3Z, STM32G471CCT6, STM32G471CCU6, STM32G471CET3, STM32G471CET6, STM32G471CEU3, STM32G471CEU6, STM32G471MCT6, STM32G471MET3, STM32G471MET6, STM32G471MEY6TR, STM32G471QCT6, STM32G471QET3, STM32G471RCT6, STM32G471RET3, STM32G471RET6, STM32G471VCH6, STM32G471VCI6, STM32G471VCT6, STM32G471VEH3, STM32G471VEH6, STM32G471VEI3, STM32G471VEI6, STM32G471VET3, STM32G471VET6, STM32G473QET3Z, STM32G473RET3Z, STM32G474CCT6, STM32G491RET3Z, STM32H503CBT6, STM32H503CBU6, STM32H503EBY6TR, STM32H503KBU6, STM32H503RBT6, STM32H523CCT6, STM32H523CCU6, STM32H523CET6, STM32H523CEU6, STM32H523HEY6TR, STM32H523RCT6, STM32H523RET6, STM32H523VCI6, STM32H523VCT6, STM32H523VEI6, STM32H523VET6, STM32H523ZCJ6, STM32H523ZCT6, STM32H523ZEJ6, STM32H523ZET6, STM32H533CET6, STM32H533CEU6, STM32H533HEY6TR, STM32H533RET6, STM32H533VEI6, STM32H533VET6, STM32H533ZEJ6, STM32H533ZET6, STM32H562AGI6, STM32H562AII6, STM32H562IGK6, STM32H562IGT6, STM32H562IIK6, STM32H562IIT6, STM32H562RGT6, STM32H562RGV6, STM32H562RIT6, STM32H562RIV6, STM32H562VGT6, STM32H562VIT6, STM32H562ZGT6, STM32H562ZIT6, STM32H563AGI6, STM32H563AII3Q, STM32H563AII6, STM32H563IGK6, STM32H563IGT6, STM32H563IIK3Q, STM32H563IIK6, STM32H563IIT3Q, STM32H563IIT6, STM32H563MIY3QTR, STM32H563RGT6, STM32H563RGV6, STM32H563RIT6, STM32H563RIV6, STM32H563VGT6, STM32H563VIT3Q, STM32H563VIT6, STM32H563ZGT6, STM32H563ZIT3Q, STM32H563ZIT6, STM32H573AII3Q, STM32H573AII6, STM32H573I-DK, STM32H573IIK3Q, STM32H573IIK6, STM32H573IIT3Q, STM32H573IIT6, STM32H573MIY3QTR, STM32H573RIT6, STM32H573RIV6, STM32H573VIT3Q, STM32H573VIT6, STM32H573ZIT3Q, STM32H573ZIT6, STM32H7R3A8I6, STM32H7R3I8K6, STM32H7R3I8T6, STM32H7R3L8H6, STM32H7R3L8H6H, STM32H7R3R8V6, STM32H7R3V8H6, STM32H7R3V8T6, STM32H7R3V8Y6TR, STM32H7R3Z8J6, STM32H7R3Z8T6, STM32H7R7A8I6, STM32H7R7I8K6, STM32H7R7I8T6, STM32H7R7L8H6, STM32H7R7L8H6H, STM32H7R7Z8J6, STM32H7S3A8I6, STM32H7S3I8K6, STM32H7S3I8T6, STM32H7S3L8H6, STM32H7S3L8H6H, STM32H7S3R8V6, STM32H7S3V8H6, STM32H7S3V8T6, STM32H7S3V8Y6TR, STM32H7S3Z8J6, STM32H7S3Z8T6, STM32H7S78-DK, STM32H7S7A8I6, STM32H7S7I8K6, STM32H7S7I8T6, STM32H7S7L8H6, STM32H7S7L8H6H, STM32H7S7Z8J6, STM32L4R5QGI6STR, STM32MP131AAE3, STM32MP131AAF3, STM32MP131AAG3, STM32MP131CAE3, STM32MP131CAF3, STM32MP131CAG3, STM32MP131DAE7, STM32MP131DAF7, STM32MP131DAG7, STM32MP131FAE7, STM32MP131FAF7, STM32MP131FAG7, STM32MP133AAE3, STM32MP133AAF3, STM32MP133AAG3, STM32MP133CAE3, STM32MP133CAF3, STM32MP133CAG3, STM32MP133DAE7, STM32MP133DAF7, STM32MP133DAG7, STM32MP133FAE7, STM32MP133FAF7, STM32MP133FAG7, STM32MP135AAE3, STM32MP135AAF3, STM32MP135AAG3, STM32MP135CAE3, STM32MP135CAF3, STM32MP135CAG3, STM32MP135DAE7, STM32MP135DAF7, STM32MP135DAG7, STM32MP135F-DK, STM32MP135FAE7, STM32MP135FAF7, STM32MP135FAF7T, STM32MP135FAF7U, STM32MP135FAG7, STM32MP251AAI3, STM32MP251AAK3, STM32MP251AAL3, STM32MP251CAI3, STM32MP251CAK3, STM32MP251CAL3, STM32MP251DAI3, STM32MP251DAK3, STM32MP251DAL3, STM32MP251FAI3, STM32MP251FAK3, STM32MP251FAL3, STM32MP253AAI3, STM32MP253AAK3, STM32MP253AAL3, STM32MP253CAI3, STM32MP253CAK3, STM32MP253CAL3, STM32MP253DAI3, STM32MP253DAK3, STM32MP253DAL3, STM32MP253FAI3, STM32MP253FAK3, STM32MP253FAL3, STM32MP255AAI3, STM32MP255AAK3, STM32MP255AAL3, STM32MP255CAI3, STM32MP255CAK3, STM32MP255CAL3, STM32MP255DAI3, STM32MP255DAK3, STM32MP255DAL3, STM32MP255FAI3, STM32MP255FAK3, STM32MP255FAL3, STM32MP257AAI3, STM32MP257AAK3, STM32MP257AAL3, STM32MP257CAI3, STM32MP257CAK3, STM32MP257CAL3, STM32MP257DAI3, STM32MP257DAK3, STM32MP257DAL3, STM32MP257F-DK, STM32MP257F-EV1, STM32MP257FAI3, STM32MP257FAK3, STM32MP257FAL3, STM32U031C6T6, STM32U031C6U6, STM32U031C8T6, STM32U031C8U6, STM32U031F4P6, STM32U031F6P6, STM32U031F8P6, STM32U031G6Y6TR, STM32U031G8Y6TR, STM32U031K4U6, STM32U031K6U6, STM32U031K8U6, STM32U031R6I6, STM32U031R6T6, STM32U031R8I6, STM32U031R8T6, STM32U073C8T6, STM32U073C8U6, STM32U073CBT6, STM32U073CBU6, STM32U073CCT6, STM32U073CCU6, STM32U073H8Y6TR, STM32U073HBY6TR, STM32U073HCY6TR, STM32U073K8U6, STM32U073KBU6, STM32U073KCU6, STM32U073M8I6, STM32U073M8T6, STM32U073MBI6, STM32U073MBT6, STM32U073MCI6, STM32U073MCT6, STM32U073R8I6, STM32U073R8T6, STM32U073RBI6, STM32U073RBT6, STM32U073RCI6, STM32U073RCT6, STM32U083C-DK, STM32U083CCT6, STM32U083CCU6, STM32U083HCY6TR, STM32U083KCU6, STM32U083MCI6, STM32U083MCT6, STM32U083RCI6, STM32U083RCT6, STM32U535CBT6, STM32U535CBT6Q, STM32U535CBU6, STM32U535CBU6Q, STM32U535CCT6, STM32U535CCT6Q, STM32U535CCU6, STM32U535CCU6Q, STM32U535CET6, STM32U535CET6Q, STM32U535CEU6, STM32U535CEU6Q, STM32U535JEY6QTR, STM32U535NCY6QTR, STM32U535NEY6QTR, STM32U535RBI6, STM32U535RBI6Q, STM32U535RBT6, STM32U535RBT6Q, STM32U535RCI6, STM32U535RCI6Q, STM32U535RCT6, STM32U535RCT6Q, STM32U535REI6, STM32U535REI6Q, STM32U535RET6, STM32U535RET6Q, STM32U535VCI6, STM32U535VCI6Q, STM32U535VCT6, STM32U535VCT6Q, STM32U535VEI6, STM32U535VEI6Q, STM32U535VET6, STM32U535VET6Q, STM32U545CET6, STM32U545CET6Q, STM32U545CEU6, STM32U545CEU6Q, STM32U545JEY6QTR, STM32U545NEY6QTR, STM32U545REI6, STM32U545REI6Q, STM32U545RET6, STM32U545RET6Q, STM32U545VEI6, STM32U545VEI6Q, STM32U545VET6, STM32U545VET6Q, STM32U595AIH6, STM32U595AIH6Q, STM32U595AJH6, STM32U595AJH6Q, STM32U595QII6, STM32U595QII6Q, STM32U595QJI6, STM32U595QJI6Q, STM32U595RIT6, STM32U595RIT6Q, STM32U595RJT6, STM32U595RJT6Q, STM32U595VIT6, STM32U595VIT6Q, STM32U595VJT6, STM32U595VJT6Q, STM32U595ZIT6, STM32U595ZIT6Q, STM32U595ZIY6QTR, STM32U595ZJT6, STM32U595ZJT6Q, STM32U595ZJY6QTR, STM32U599BJY6QTR, STM32U599NIH6Q, STM32U599NJH6Q, STM32U599VIT6Q, STM32U599VJT6, STM32U599VJT6Q, STM32U599ZIT6Q, STM32U599ZIY6QTR, STM32U599ZJT6Q, STM32U599ZJY6QTR, STM32U5A5AJH6, STM32U5A5AJH6Q, STM32U5A5QII3Q , STM32U5A5QJI6, STM32U5A5QJI6Q, STM32U5A5RJT6, STM32U5A5RJT6Q, STM32U5A5VJT6, STM32U5A5VJT6Q, STM32U5A5ZJT6, STM32U5A5ZJT6Q, STM32U5A5ZJY6QTR, STM32U5A9BJY6QTR, STM32U5A9J-DK, STM32U5A9NJH6Q, STM32U5A9VJT6Q, STM32U5A9ZJT6Q, STM32U5A9ZJY6QTR, STM32U5F7VIT6, STM32U5F7VIT6Q, STM32U5F7VJT6, STM32U5F7VJT6Q, STM32U5F9BJY6QTR, STM32U5F9NJH6Q, STM32U5F9VIT6Q, STM32U5F9VJT6Q, STM32U5F9ZIJ6QTR, STM32U5F9ZIT6Q, STM32U5F9ZJJ6QTR, STM32U5F9ZJT6Q, STM32U5G7VJT6, STM32U5G7VJT6Q, STM32U5G9BJY6QTR, STM32U5G9J-DK1, STM32U5G9J-DK2, STM32U5G9NJH6Q, STM32U5G9VJT6Q, STM32U5G9ZJJ6QTR, STM32U5G9ZJT6Q, STM32WB05KZV6TR, STM32WB05KZV7TR, STM32WB05TZF6TR, STM32WB05TZF7TR, STM32WB06CCF6TR, STM32WB06CCF7TR, STM32WB06CCV6TR, STM32WB06CCV7TR, STM32WB06KCV6TR, STM32WB06KCV7TR, STM32WB07CCF6TR, STM32WB07CCF7TR, STM32WB07CCV6TR, STM32WB07CCV7TR, STM32WB07KCV6TR, STM32WB07KCV7TR, STM32WB09KEV6TR, STM32WB09KEV7TR, STM32WB09TEF6TR, STM32WB09TEF7TR, STM32WB1MMCH6, STM32WBA50KGU6, STM32WBA50KGU6TR, STM32WBA52CEU6, STM32WBA52CEU6TR, STM32WBA52CEU7, STM32WBA52CEU7TR, STM32WBA52CGU6, STM32WBA52CGU6TR, STM32WBA52CGU6U, STM32WBA52CGU7, STM32WBA52CGU7TR, STM32WBA52KEU6, STM32WBA52KEU6TR, STM32WBA52KGU6, STM32WBA52KGU6TR, STM32WBA54CEU6, STM32WBA54CEU6TR, STM32WBA54CEU7, STM32WBA54CEU7TR, STM32WBA54CGU6, STM32WBA54CGU6TR, STM32WBA54CGU7, STM32WBA54CGU7TR, STM32WBA54KEU6, STM32WBA54KEU6TR, STM32WBA54KEU7, STM32WBA54KEU7TR, STM32WBA54KGU6, STM32WBA54KGU6TR, STM32WBA54KGU7, STM32WBA54KGU7TR, STM32WBA55CEU6, STM32WBA55CEU6TR, STM32WBA55CEU7, STM32WBA55CEU7TR, STM32WBA55CGU6, STM32WBA55CGU6TR, STM32WBA55CGU6U, STM32WBA55CGU7, STM32WBA55CGU7TR, STM32WBA55G-DK1, STM32WBA55HEF6, STM32WBA55HEF7, STM32WBA55HGF6, STM32WBA55HGF7, STM32WBA55UEI6, STM32WBA55UEI6TR, STM32WBA55UEI7, STM32WBA55UEI7TR, STM32WBA55UGI6, STM32WBA55UGI6TR, STM32WBA55UGI7, STM32WBA55UGI7TR, STM32WL5MOCH6, STM32WL5MOCH6TR]
2024-10-07 10:11:23,231 [INFO] BoardInfo:889 - No configuration file found for board P-NUCLEO-WB55
2024-10-07 10:11:23,233 [INFO] DbBoards:161 - Kit is not supported: P-NUCLEO-WB55
2024-10-07 10:11:23,237 [INFO] BoardInfo:889 - No configuration file found for board STEVAL-BFA001V1B
2024-10-07 10:11:23,237 [INFO] DbBoards:161 - Kit is not supported: STEVAL-BFA001V1B
2024-10-07 10:11:23,238 [INFO] BoardInfo:889 - No configuration file found for board STEVAL-BFA001V2B
2024-10-07 10:11:23,239 [INFO] DbBoards:161 - Kit is not supported: STEVAL-BFA001V2B
2024-10-07 10:11:23,361 [INFO] DbBoards:168 - Found 201 boards, 198 are supported
2024-10-07 10:11:23,361 [INFO] DbBoards:169 - Found 201 boards, 25 of them is supported for  Bsp
2024-10-07 10:11:23,373 [INFO] ApiDb:668 - CubeFinder database Data Model version=2.1
2024-10-07 10:11:23,373 [INFO] ApiDb:669 - CubeFinder database Configuration version=3.0.39
2024-10-07 10:11:23,373 [INFO] ApiDb:670 - CubeFinder database generation date=2024-08-29 (1724861534)
2024-10-07 10:11:23,373 [INFO] ApiDb:671 - CubeFinder database FW Pack versions=[FP-ATR-ASTRA1_V2.0.0, FP-SNS-FLIGHT1_V5.0.2, FP-SNS-MOTENV1_V5.0.0, FP-SNS-MOTENVWB1_V1.4.0, FP-SNS-SMARTAG2_V1.2.0, FP-SNS-STBOX1_V2.0.0, STM32Cube_FW_C0_V1.2.0, STM32Cube_FW_F4_V1.28.0, STM32Cube_FW_F7_V1.17.2, STM32Cube_FW_G0_V1.6.2, STM32Cube_FW_G4_V1.6.0, STM32Cube_FW_H5_V1.3.0, STM32Cube_FW_H7RS_V1.1.0, STM32Cube_FW_H7_V1.11.2, STM32Cube_FW_L0_V1.12.2, STM32Cube_FW_L5_V1.5.1, STM32Cube_FW_U0_V1.1.0, STM32Cube_FW_U5_V1.6.0, STM32Cube_FW_WB0_V1.0.0, STM32Cube_FW_WBA_V1.4.1, STM32Cube_FW_WB_V1.20.0, STM32Cube_FW_WL_V1.3.0, X-CUBE-ALGOBUILD_V1.4.0, X-CUBE-ALS_V1.0.2, X-CUBE-AZRTOS-F4_V1.1.0, X-CUBE-AZRTOS-F7_V1.1.0, X-CUBE-AZRTOS-G0_V1.1.0, X-CUBE-AZRTOS-G4_V2.0.0, X-CUBE-AZRTOS-H7RS_V1.0.0, X-CUBE-AZRTOS-H7_V3.2.0, X-CUBE-AZRTOS-L4_V2.0.0, X-CUBE-AZRTOS-L5_V1.1.0, X-CUBE-AZRTOS-WB_V2.0.0, X-CUBE-AZRTOS-WL_V2.0.0, X-CUBE-BLE1_V7.0.0, X-CUBE-BLE2_V3.3.0, X-CUBE-BLEMGR_V3.1.0, X-CUBE-EEPRMA1_V5.1.0, X-CUBE-FREERTOS_V1.2.0, X-CUBE-GNSS1_V6.0.0, X-CUBE-MEMS1_V10.0.0, X-CUBE-NFC4_V3.0.0, X-CUBE-NFC7_V1.0.1, X-CUBE-SFXS2LP1_V4.0.0, X-CUBE-SUBG2_V5.0.0, X-CUBE-TOF1_V3.4.2]
2024-10-07 10:11:23,674 [ERROR] ServerAccessManage:1089 - Problem, file not found on Server
2024-10-07 10:11:24,700 [INFO] ApiDb:240 - Found 646 in-development CPN: [B-G473E-ZEST1S, B-WB1M-WPAN1, B-WL5M-SUBG1, NUCLEO-C031C6, NUCLEO-C071RB, NUCLEO-H503RB, NUCLEO-H533RE, NUCLEO-H563ZI, NUCLEO-H7S3L8, NUCLEO-U031R8, NUCLEO-U083RC, NUCLEO-U545RE-Q, NUCLEO-U5A5ZJ-Q, NUCLEO-WB05KZ, NUCLEO-WB07CC, NUCLEO-WB09KE, NUCLEO-WBA52CG, NUCLEO-WBA55CG, STEVAL-PROTEUS1, STEVAL-SMARTAG2, STEVAL-STWINBX1, STM320518-EVAL, STM32C0116-DK, STM32C011D6Y3TR, STM32C011D6Y6TR, STM32C011F4P3, STM32C011F4P6, STM32C011F4U3, STM32C011F4U6TR, STM32C011F6P3, STM32C011F6P6, STM32C011F6U3, STM32C011F6U6TR, STM32C011J4M3, STM32C011J4M6, STM32C011J6M3, STM32C011J6M6, STM32C0316-DK, STM32C031C4T3, STM32C031C4T6, STM32C031C4U3, STM32C031C4U6, STM32C031C6T3, STM32C031C6T6, STM32C031C6U3, STM32C031C6U6, STM32C031F4P3, STM32C031F4P6, STM32C031F6P3, STM32C031F6P6, STM32C031G4U3, STM32C031G4U6, STM32C031G6U3, STM32C031G6U6, STM32C031K4T3, STM32C031K4T6, STM32C031K4U3, STM32C031K4U6, STM32C031K6T3, STM32C031K6T6, STM32C031K6U3, STM32C031K6U6, STM32C071C8T6, STM32C071C8T6N, STM32C071C8U6, STM32C071C8U6N, STM32C071CBT6, STM32C071CBT6N, STM32C071CBU6, STM32C071CBU6N, STM32C071F8P6, STM32C071F8P6N, STM32C071FBP6, STM32C071FBP6N, STM32C071FBY6TR, STM32C071G8U6, STM32C071G8U6N, STM32C071GBU6, STM32C071GBU6N, STM32C071K8T6, STM32C071K8T6N, STM32C071K8U6, STM32C071K8U6N, STM32C071KBT6, STM32C071KBT6N, STM32C071KBU6, STM32C071KBU6N, STM32C071R8T6, STM32C071R8T6N, STM32C071RBI6N, STM32C071RBT6, STM32C071RBT6N, STM32G071K8TXN, STM32G071K8UXN, STM32G081GBU6N, STM32G081KBT6N, STM32G081KBUXN, STM32G0B1CCT6N, STM32G0B1KCT6, STM32G0B1NEY6TR, STM32G0B1RCT6N, STM32G0C1CCT6, STM32G0C1CCT6N, STM32G0C1CCU6N, STM32G0C1CET6N, STM32G0C1CEU6N, STM32G0C1KCT6, STM32G0C1NEY6TR, STM32G0C1RCI6N, STM32G0C1RCT6N, STM32G0C1REI6N, STM32G0C1RET6N, STM32G0C1VCI6, STM32G0C1VEI6, STM32G411C6T3, STM32G411C6T6, STM32G411C6U3, STM32G411C6U6, STM32G411C8T3, STM32G411C8T6, STM32G411C8U3, STM32G411C8U6, STM32G411CBT3, STM32G411CBT6, STM32G411CBU3, STM32G411CBU6, STM32G411K6T3, STM32G411K6T6, STM32G411K6U3, STM32G411K6U6, STM32G411K8T3, STM32G411K8T6, STM32G411K8U3, STM32G411K8U6, STM32G411KBT3, STM32G411KBT6, STM32G411KBU3, STM32G411KBU6, STM32G411M6T3, STM32G411M6T6, STM32G411M8T3, STM32G411M8T6, STM32G411MBT3, STM32G411MBT6, STM32G411R6T3, STM32G411R6T6, STM32G411R8T3, STM32G411R8T6, STM32G411RBT3, STM32G411RBT6, STM32G414CBT3, STM32G414CBT6, STM32G414CBU3, STM32G414CBU6, STM32G414CCT3, STM32G414CCT6, STM32G414CCU3, STM32G414CCU6, STM32G414MBT3, STM32G414MBT6, STM32G414MCT3, STM32G414MCT6, STM32G414RBT3, STM32G414RBT6, STM32G414RCT3, STM32G414RCT6, STM32G414VBT3, STM32G414VBT6, STM32G414VCT3, STM32G414VCT6, STM32G431CBT3Z, STM32G431RBT3Z, STM32G471CCT6, STM32G471CCU6, STM32G471CET3, STM32G471CET6, STM32G471CEU3, STM32G471CEU6, STM32G471MCT6, STM32G471MET3, STM32G471MET6, STM32G471MEY6TR, STM32G471QCT6, STM32G471QET3, STM32G471RCT6, STM32G471RET3, STM32G471RET6, STM32G471VCH6, STM32G471VCI6, STM32G471VCT6, STM32G471VEH3, STM32G471VEH6, STM32G471VEI3, STM32G471VEI6, STM32G471VET3, STM32G471VET6, STM32G473QET3Z, STM32G473RET3Z, STM32G474CCT6, STM32G491RET3Z, STM32H503CBT6, STM32H503CBU6, STM32H503EBY6TR, STM32H503KBU6, STM32H503RBT6, STM32H523CCT6, STM32H523CCU6, STM32H523CET6, STM32H523CEU6, STM32H523HEY6TR, STM32H523RCT6, STM32H523RET6, STM32H523VCI6, STM32H523VCT6, STM32H523VEI6, STM32H523VET6, STM32H523ZCJ6, STM32H523ZCT6, STM32H523ZEJ6, STM32H523ZET6, STM32H533CET6, STM32H533CEU6, STM32H533HEY6TR, STM32H533RET6, STM32H533VEI6, STM32H533VET6, STM32H533ZEJ6, STM32H533ZET6, STM32H562AGI6, STM32H562AII6, STM32H562IGK6, STM32H562IGT6, STM32H562IIK6, STM32H562IIT6, STM32H562RGT6, STM32H562RGV6, STM32H562RIT6, STM32H562RIV6, STM32H562VGT6, STM32H562VIT6, STM32H562ZGT6, STM32H562ZIT6, STM32H563AGI6, STM32H563AII3Q, STM32H563AII6, STM32H563IGK6, STM32H563IGT6, STM32H563IIK3Q, STM32H563IIK6, STM32H563IIT3Q, STM32H563IIT6, STM32H563MIY3QTR, STM32H563RGT6, STM32H563RGV6, STM32H563RIT6, STM32H563RIV6, STM32H563VGT6, STM32H563VIT3Q, STM32H563VIT6, STM32H563ZGT6, STM32H563ZIT3Q, STM32H563ZIT6, STM32H573AII3Q, STM32H573AII6, STM32H573I-DK, STM32H573IIK3Q, STM32H573IIK6, STM32H573IIT3Q, STM32H573IIT6, STM32H573MIY3QTR, STM32H573RIT6, STM32H573RIV6, STM32H573VIT3Q, STM32H573VIT6, STM32H573ZIT3Q, STM32H573ZIT6, STM32H7R3A8I6, STM32H7R3I8K6, STM32H7R3I8T6, STM32H7R3L8H6, STM32H7R3L8H6H, STM32H7R3R8V6, STM32H7R3V8H6, STM32H7R3V8T6, STM32H7R3V8Y6TR, STM32H7R3Z8J6, STM32H7R3Z8T6, STM32H7R7A8I6, STM32H7R7I8K6, STM32H7R7I8T6, STM32H7R7L8H6, STM32H7R7L8H6H, STM32H7R7Z8J6, STM32H7S3A8I6, STM32H7S3I8K6, STM32H7S3I8T6, STM32H7S3L8H6, STM32H7S3L8H6H, STM32H7S3R8V6, STM32H7S3V8H6, STM32H7S3V8T6, STM32H7S3V8Y6TR, STM32H7S3Z8J6, STM32H7S3Z8T6, STM32H7S78-DK, STM32H7S7A8I6, STM32H7S7I8K6, STM32H7S7I8T6, STM32H7S7L8H6, STM32H7S7L8H6H, STM32H7S7Z8J6, STM32L4R5QGI6STR, STM32MP131AAE3, STM32MP131AAF3, STM32MP131AAG3, STM32MP131CAE3, STM32MP131CAF3, STM32MP131CAG3, STM32MP131DAE7, STM32MP131DAF7, STM32MP131DAG7, STM32MP131FAE7, STM32MP131FAF7, STM32MP131FAG7, STM32MP133AAE3, STM32MP133AAF3, STM32MP133AAG3, STM32MP133CAE3, STM32MP133CAF3, STM32MP133CAG3, STM32MP133DAE7, STM32MP133DAF7, STM32MP133DAG7, STM32MP133FAE7, STM32MP133FAF7, STM32MP133FAG7, STM32MP135AAE3, STM32MP135AAF3, STM32MP135AAG3, STM32MP135CAE3, STM32MP135CAF3, STM32MP135CAG3, STM32MP135DAE7, STM32MP135DAF7, STM32MP135DAG7, STM32MP135F-DK, STM32MP135FAE7, STM32MP135FAF7, STM32MP135FAF7T, STM32MP135FAF7U, STM32MP135FAG7, STM32MP251AAI3, STM32MP251AAK3, STM32MP251AAL3, STM32MP251CAI3, STM32MP251CAK3, STM32MP251CAL3, STM32MP251DAI3, STM32MP251DAK3, STM32MP251DAL3, STM32MP251FAI3, STM32MP251FAK3, STM32MP251FAL3, STM32MP253AAI3, STM32MP253AAK3, STM32MP253AAL3, STM32MP253CAI3, STM32MP253CAK3, STM32MP253CAL3, STM32MP253DAI3, STM32MP253DAK3, STM32MP253DAL3, STM32MP253FAI3, STM32MP253FAK3, STM32MP253FAL3, STM32MP255AAI3, STM32MP255AAK3, STM32MP255AAL3, STM32MP255CAI3, STM32MP255CAK3, STM32MP255CAL3, STM32MP255DAI3, STM32MP255DAK3, STM32MP255DAL3, STM32MP255FAI3, STM32MP255FAK3, STM32MP255FAL3, STM32MP257AAI3, STM32MP257AAK3, STM32MP257AAL3, STM32MP257CAI3, STM32MP257CAK3, STM32MP257CAL3, STM32MP257DAI3, STM32MP257DAK3, STM32MP257DAL3, STM32MP257F-DK, STM32MP257F-EV1, STM32MP257FAI3, STM32MP257FAK3, STM32MP257FAL3, STM32U031C6T6, STM32U031C6U6, STM32U031C8T6, STM32U031C8U6, STM32U031F4P6, STM32U031F6P6, STM32U031F8P6, STM32U031G6Y6TR, STM32U031G8Y6TR, STM32U031K4U6, STM32U031K6U6, STM32U031K8U6, STM32U031R6I6, STM32U031R6T6, STM32U031R8I6, STM32U031R8T6, STM32U073C8T6, STM32U073C8U6, STM32U073CBT6, STM32U073CBU6, STM32U073CCT6, STM32U073CCU6, STM32U073H8Y6TR, STM32U073HBY6TR, STM32U073HCY6TR, STM32U073K8U6, STM32U073KBU6, STM32U073KCU6, STM32U073M8I6, STM32U073M8T6, STM32U073MBI6, STM32U073MBT6, STM32U073MCI6, STM32U073MCT6, STM32U073R8I6, STM32U073R8T6, STM32U073RBI6, STM32U073RBT6, STM32U073RCI6, STM32U073RCT6, STM32U083C-DK, STM32U083CCT6, STM32U083CCU6, STM32U083HCY6TR, STM32U083KCU6, STM32U083MCI6, STM32U083MCT6, STM32U083RCI6, STM32U083RCT6, STM32U535CBT6, STM32U535CBT6Q, STM32U535CBU6, STM32U535CBU6Q, STM32U535CCT6, STM32U535CCT6Q, STM32U535CCU6, STM32U535CCU6Q, STM32U535CET6, STM32U535CET6Q, STM32U535CEU6, STM32U535CEU6Q, STM32U535JEY6QTR, STM32U535NCY6QTR, STM32U535NEY6QTR, STM32U535RBI6, STM32U535RBI6Q, STM32U535RBT6, STM32U535RBT6Q, STM32U535RCI6, STM32U535RCI6Q, STM32U535RCT6, STM32U535RCT6Q, STM32U535REI6, STM32U535REI6Q, STM32U535RET6, STM32U535RET6Q, STM32U535VCI6, STM32U535VCI6Q, STM32U535VCT6, STM32U535VCT6Q, STM32U535VEI6, STM32U535VEI6Q, STM32U535VET6, STM32U535VET6Q, STM32U545CET6, STM32U545CET6Q, STM32U545CEU6, STM32U545CEU6Q, STM32U545JEY6QTR, STM32U545NEY6QTR, STM32U545REI6, STM32U545REI6Q, STM32U545RET6, STM32U545RET6Q, STM32U545VEI6, STM32U545VEI6Q, STM32U545VET6, STM32U545VET6Q, STM32U595AIH6, STM32U595AIH6Q, STM32U595AJH6, STM32U595AJH6Q, STM32U595QII6, STM32U595QII6Q, STM32U595QJI6, STM32U595QJI6Q, STM32U595RIT6, STM32U595RIT6Q, STM32U595RJT6, STM32U595RJT6Q, STM32U595VIT6, STM32U595VIT6Q, STM32U595VJT6, STM32U595VJT6Q, STM32U595ZIT6, STM32U595ZIT6Q, STM32U595ZIY6QTR, STM32U595ZJT6, STM32U595ZJT6Q, STM32U595ZJY6QTR, STM32U599BJY6QTR, STM32U599NIH6Q, STM32U599NJH6Q, STM32U599VIT6Q, STM32U599VJT6, STM32U599VJT6Q, STM32U599ZIT6Q, STM32U599ZIY6QTR, STM32U599ZJT6Q, STM32U599ZJY6QTR, STM32U5A5AJH6, STM32U5A5AJH6Q, STM32U5A5QII3Q , STM32U5A5QJI6, STM32U5A5QJI6Q, STM32U5A5RJT6, STM32U5A5RJT6Q, STM32U5A5VJT6, STM32U5A5VJT6Q, STM32U5A5ZJT6, STM32U5A5ZJT6Q, STM32U5A5ZJY6QTR, STM32U5A9BJY6QTR, STM32U5A9J-DK, STM32U5A9NJH6Q, STM32U5A9VJT6Q, STM32U5A9ZJT6Q, STM32U5A9ZJY6QTR, STM32U5F7VIT6, STM32U5F7VIT6Q, STM32U5F7VJT6, STM32U5F7VJT6Q, STM32U5F9BJY6QTR, STM32U5F9NJH6Q, STM32U5F9VIT6Q, STM32U5F9VJT6Q, STM32U5F9ZIJ6QTR, STM32U5F9ZIT6Q, STM32U5F9ZJJ6QTR, STM32U5F9ZJT6Q, STM32U5G7VJT6, STM32U5G7VJT6Q, STM32U5G9BJY6QTR, STM32U5G9J-DK1, STM32U5G9J-DK2, STM32U5G9NJH6Q, STM32U5G9VJT6Q, STM32U5G9ZJJ6QTR, STM32U5G9ZJT6Q, STM32WB05KZV6TR, STM32WB05KZV7TR, STM32WB05TZF6TR, STM32WB05TZF7TR, STM32WB06CCF6TR, STM32WB06CCF7TR, STM32WB06CCV6TR, STM32WB06CCV7TR, STM32WB06KCV6TR, STM32WB06KCV7TR, STM32WB07CCF6TR, STM32WB07CCF7TR, STM32WB07CCV6TR, STM32WB07CCV7TR, STM32WB07KCV6TR, STM32WB07KCV7TR, STM32WB09KEV6TR, STM32WB09KEV7TR, STM32WB09TEF6TR, STM32WB09TEF7TR, STM32WB1MMCH6, STM32WBA50KGU6, STM32WBA50KGU6TR, STM32WBA52CEU6, STM32WBA52CEU6TR, STM32WBA52CEU7, STM32WBA52CEU7TR, STM32WBA52CGU6, STM32WBA52CGU6TR, STM32WBA52CGU6U, STM32WBA52CGU7, STM32WBA52CGU7TR, STM32WBA52KEU6, STM32WBA52KEU6TR, STM32WBA52KGU6, STM32WBA52KGU6TR, STM32WBA54CEU6, STM32WBA54CEU6TR, STM32WBA54CEU7, STM32WBA54CEU7TR, STM32WBA54CGU6, STM32WBA54CGU6TR, STM32WBA54CGU7, STM32WBA54CGU7TR, STM32WBA54KEU6, STM32WBA54KEU6TR, STM32WBA54KEU7, STM32WBA54KEU7TR, STM32WBA54KGU6, STM32WBA54KGU6TR, STM32WBA54KGU7, STM32WBA54KGU7TR, STM32WBA55CEU6, STM32WBA55CEU6TR, STM32WBA55CEU7, STM32WBA55CEU7TR, STM32WBA55CGU6, STM32WBA55CGU6TR, STM32WBA55CGU6U, STM32WBA55CGU7, STM32WBA55CGU7TR, STM32WBA55G-DK1, STM32WBA55HEF6, STM32WBA55HEF7, STM32WBA55HGF6, STM32WBA55HGF7, STM32WBA55UEI6, STM32WBA55UEI6TR, STM32WBA55UEI7, STM32WBA55UEI7TR, STM32WBA55UGI6, STM32WBA55UGI6TR, STM32WBA55UGI7, STM32WBA55UGI7TR, STM32WL5MOCH6, STM32WL5MOCH6TR]
2024-10-07 10:11:24,704 [INFO] DbMcus:218 - Found 4252 MCUs, 4252 are supported
2024-10-07 10:11:24,704 [INFO] ApiDb:414 - User favorites file not found: C:\Users\mirmi/.stm32cubeide/favorites.mcus.txt
2024-10-07 10:11:24,704 [INFO] DbMcus:224 - Set 0 / 0 favorites MCUs
2024-10-07 10:11:24,790 [ERROR] ServerAccessManage:1089 - Problem, file not found on Server
2024-10-07 10:11:24,942 [INFO] ApiDb:414 - User favorites file not found: C:\Users\mirmi/.stm32cubeide/favorites.boards.txt
2024-10-07 10:11:24,942 [INFO] DbBoards:198 - Set 0 / 0 favorites Boards
2024-10-07 10:11:24,942 [INFO] McuFinderGlobals:76 - Set McuFinderConnectedMode to true
2024-10-07 10:11:24,958 [INFO] MultiScanPanel:200 - Auto-refresh data requested => check proxy status ongoing
2024-10-07 10:11:24,960 [INFO] FinderPluginLoader:95 - Searching for filters in installed packs
2024-10-07 10:11:25,992 [ERROR] ServerAccessManage:1089 - Problem, file not found on Server
2024-10-07 10:11:26,136 [ERROR] WebUtils:396 - Updater is busy
2024-10-07 10:11:26,136 [WARN] DetailPanel:346 - Failed to get advertising image, set to default
2024-10-07 10:11:27,118 [ERROR] ServerAccessManage:1089 - Problem, file not found on Server
2024-10-07 10:11:28,212 [INFO] ServerAccessManage:473 - Download File STMicroelectronics.X-CUBE-ISPU.pdsc
2024-10-07 10:11:32,787 [INFO] ServerAccessManage:473 - Download File STMicroelectronics.X-CUBE-IPS.pdsc
2024-10-07 10:11:33,913 [INFO] ServerAccessManage:473 - Download File STMicroelectronics.X-CUBE-MEMS1.pdsc
2024-10-07 10:11:58,439 [INFO] ServerAccessManage:473 - Download File STMicroelectronics.X-CUBE-NFC4.pdsc
2024-10-07 10:12:13,648 [INFO] ServerAccessManage:473 - Download File STMicroelectronics.X-CUBE-NFC6.pdsc
2024-10-07 10:12:16,317 [INFO] ServerAccessManage:473 - Download File STMicroelectronics.X-CUBE-NFC7.pdsc
2024-10-07 10:12:19,821 [INFO] ServerAccessManage:473 - Download File STMicroelectronics.X-CUBE-NFC9.pdsc
2024-10-07 10:12:21,394 [INFO] ServerAccessManage:473 - Download File STMicroelectronics.X-CUBE-NFC10.pdsc
2024-10-07 10:12:23,656 [INFO] ServerAccessManage:473 - Download File STMicroelectronics.X-CUBE-SFXS2LP1.pdsc
2024-10-07 10:12:29,446 [INFO] ServerAccessManage:473 - Download File STMicroelectronics.X-CUBE-SAFEA1.pdsc
2024-10-07 10:12:31,698 [INFO] ServerAccessManage:473 - Download File STMicroelectronics.X-CUBE-SUBG2.pdsc
2024-10-07 10:12:42,924 [INFO] ServerAccessManage:473 - Download File STMicroelectronics.X-CUBE-SMBUS.pdsc
2024-10-07 10:12:45,368 [ERROR] ServerAccessManage:1089 - Problem, file not found on Server
2024-10-07 10:12:46,451 [INFO] ServerAccessManage:473 - Download File STMicroelectronics.X-CUBE-TCPP.pdsc
2024-10-07 10:12:48,098 [INFO] ServerAccessManage:473 - Download File STMicroelectronics.X-CUBE-TOF1.pdsc
2024-10-07 10:12:59,706 [ERROR] ServerAccessManage:1089 - Problem, file not found on Server
2024-10-07 10:13:01,894 [INFO] ServerAccessManage:473 - Download File STMicroelectronics.X-CUBE-TOUCHGFX.pdsc
2024-10-07 10:13:24,455 [INFO] ServerAccessManage:473 - Download File STMicroelectronics.X-CUBE-ALGOBUILD.pdsc
2024-10-07 10:13:32,659 [INFO] ServerAccessManage:473 - Download File STMicroelectronics.X-CUBE-AZRTOS-H7.pdsc
2024-10-07 10:13:40,574 [INFO] McuFinderGlobals:76 - Set McuFinderConnectedMode to true
2024-10-07 10:13:40,577 [INFO] ApiDb:448 - Save user favorites file C:\Users\mirmi/.stm32cubeide/favorites.mcus.txt: 0 item(s)
2024-10-07 10:13:40,578 [INFO] ApiDb:452 - User favorites MCUs=[]
2024-10-07 10:13:41,252 [INFO] ServerAccessManage:473 - Download File STMicroelectronics.X-CUBE-AZRTOS-H7RS.pdsc
2024-10-07 10:13:43,547 [INFO] ServerAccessManage:473 - Download File STMicroelectronics.X-CUBE-AZRTOS-F4.pdsc
2024-10-07 10:13:46,894 [INFO] ServerAccessManage:473 - Download File STMicroelectronics.X-CUBE-AZRTOS-F7.pdsc
2024-10-07 10:13:48,704 [INFO] ServerAccessManage:473 - Download File STMicroelectronics.X-CUBE-AZRTOS-L4.pdsc
2024-10-07 10:13:50,489 [INFO] ServerAccessManage:473 - Download File STMicroelectronics.X-CUBE-AZRTOS-L5.pdsc
2024-10-07 10:13:54,936 [INFO] ServerAccessManage:473 - Download File STMicroelectronics.X-CUBE-AZRTOS-G0.pdsc
2024-10-07 10:13:58,261 [INFO] ServerAccessManage:473 - Download File STMicroelectronics.X-CUBE-AZRTOS-G4.pdsc
2024-10-07 10:14:01,995 [INFO] ServerAccessManage:473 - Download File STMicroelectronics.X-CUBE-AZRTOS-WB.pdsc
2024-10-07 10:14:05,358 [INFO] ServerAccessManage:473 - Download File STMicroelectronics.X-CUBE-AZRTOS-WL.pdsc
2024-10-07 10:14:07,635 [INFO] ServerAccessManage:473 - Download File STMicroelectronics.X-CUBE-WB05N.pdsc
2024-10-07 10:14:08,646 [INFO] ServerAccessManage:473 - Download File wolfSSL.I-CUBE-wolfSSL.pdsc
2024-10-07 10:14:13,817 [ERROR] ServerAccessManage:1089 - Problem, file not found on Server
2024-10-07 10:14:14,252 [ERROR] ServerAccessManage:1089 - Problem, file not found on Server
2024-10-07 10:14:14,684 [ERROR] ServerAccessManage:1089 - Problem, file not found on Server
2024-10-07 10:14:14,926 [INFO] ServerAccessManage:473 - Download File wolfSSL.I-CUBE-wolfMQTT.pdsc
2024-10-07 10:14:16,121 [ERROR] ServerAccessManage:1089 - Problem, file not found on Server
2024-10-07 10:14:16,359 [INFO] ServerAccessManage:473 - Download File wolfSSL.I-CUBE-wolfTPM.pdsc
2024-10-07 10:14:17,856 [INFO] ServerAccessManage:473 - Download File wolfSSL.I-CUBE-wolfSSH.pdsc
2024-10-07 10:14:23,076 [INFO] ServerAccessManage:473 - Download File RealThread.X-CUBE-RT-Thread_Nano.pdsc
2024-10-07 10:14:26,055 [INFO] ServerAccessManage:473 - Download File SEGGER.I-CUBE-embOS.pdsc
2024-10-07 10:14:30,411 [INFO] ServerAccessManage:473 - Download File portGmbH.I-Cube-SoM-uGOAL.pdsc
2024-10-07 10:14:33,525 [ERROR] ServerAccessManage:1089 - Problem, file not found on Server
2024-10-07 10:14:33,836 [ERROR] ServerAccessManage:1089 - Problem, file not found on Server
2024-10-07 10:14:34,148 [ERROR] ServerAccessManage:1089 - Problem, file not found on Server
2024-10-07 10:14:36,019 [INFO] ServerAccessManage:473 - Download File emotas.I-CUBE-CANOPEN.pdsc
2024-10-07 10:14:37,855 [INFO] ServerAccessManage:473 - Download File WES.I-CUBE-Cesium.pdsc
2024-10-07 10:14:38,571 [ERROR] ServerAccessManage:1089 - Problem, file not found on Server
2024-10-07 10:14:38,890 [ERROR] ServerAccessManage:1089 - Problem, file not found on Server
2024-10-07 10:14:40,427 [INFO] ServerAccessManage:473 - Download File ITTIA_DB.I-CUBE-ITTIADB.pdsc
2024-10-07 10:14:46,875 [INFO] ServerAccessManage:473 - Download File Infineon.AIROC-Wi-Fi-Bluetooth-STM32.pdsc
2024-10-07 10:14:54,375 [INFO] ServerAccessManage:473 - Download File Cesanta.I-CUBE-Mongoose.pdsc
2024-10-07 10:14:59,729 [INFO] ServerAccessManage:473 - Download File EmbeddedOffice.I-CUBE-FS-RTOS.pdsc
2024-10-07 10:15:00,468 [WARN] CheckServerUpdateThread:151 - Open CheckUpdateFile Fail
2024-10-07 10:15:00,500 [WARN] PackLoader:240 - Cannot read IP mode file for STMicroelectronics.FP-ATR-ASTRA1.2.0.0
2024-10-07 10:15:00,508 [WARN] PackLoader:240 - Cannot read IP mode file for STMicroelectronics.FP-ATR-SIGFOX1.3.2.0
2024-10-07 10:15:00,514 [WARN] PackLoader:240 - Cannot read IP mode file for STMicroelectronics.FP-SNS-STBOX1.2.0.0
2024-10-07 10:15:00,527 [WARN] PackLoader:240 - Cannot read IP mode file for STMicroelectronics.FP-SNS-FLIGHT1.5.0.2
2024-10-07 10:15:00,532 [WARN] PackLoader:240 - Cannot read IP mode file for STMicroelectronics.FP-SNS-MOTENV1.5.0.0
2024-10-07 10:15:00,537 [WARN] PackLoader:240 - Cannot read IP mode file for STMicroelectronics.FP-SNS-MOTENVWB1.1.4.0
2024-10-07 10:15:00,541 [WARN] PackLoader:240 - Cannot read IP mode file for STMicroelectronics.FP-SNS-SMARTAG2.1.2.0
2024-10-07 10:15:00,545 [WARN] PackLoader:240 - Cannot read IP mode file for STMicroelectronics.X-CUBE-AI.9.1.0
2024-10-07 10:15:00,552 [WARN] PackLoader:240 - Cannot read IP mode file for STMicroelectronics.X-CUBE-ALS.1.0.2
2024-10-07 10:15:00,560 [WARN] PackLoader:240 - Cannot read IP mode file for STMicroelectronics.X-CUBE-BLE1.7.0.0
2024-10-07 10:15:00,564 [WARN] PackLoader:240 - Cannot read IP mode file for STMicroelectronics.X-CUBE-BLE2.3.3.0
2024-10-07 10:15:00,572 [WARN] PackLoader:240 - Cannot read IP mode file for STMicroelectronics.X-CUBE-BLEMGR.3.1.0
2024-10-07 10:15:00,585 [INFO] CheckServerUpdateThread:120 - End of CheckServer Thread
2024-10-07 10:15:00,593 [WARN] PackLoader:240 - Cannot read IP mode file for STMicroelectronics.X-CUBE-DISPLAY.3.0.0
2024-10-07 10:15:00,602 [WARN] PackLoader:240 - Cannot read IP mode file for STMicroelectronics.X-CUBE-DPower.1.2.0
2024-10-07 10:15:00,607 [WARN] PackLoader:240 - Cannot read IP mode file for STMicroelectronics.X-CUBE-EEPRMA1.5.1.0
2024-10-07 10:15:00,611 [WARN] PackLoader:240 - Cannot read IP mode file for STMicroelectronics.X-CUBE-FREERTOS.1.2.0
2024-10-07 10:15:00,615 [WARN] PackLoader:240 - Cannot read IP mode file for STMicroelectronics.X-CUBE-GNSS1.7.0.0
2024-10-07 10:15:00,620 [WARN] PackLoader:240 - Cannot read IP mode file for STMicroelectronics.X-CUBE-ISPU.2.1.0
2024-10-07 10:15:00,627 [WARN] PackLoader:240 - Cannot read IP mode file for STMicroelectronics.X-CUBE-IPS.3.0.0
2024-10-07 10:15:00,659 [WARN] PackLoader:240 - Cannot read IP mode file for STMicroelectronics.X-CUBE-MEMS1.11.0.0
2024-10-07 10:15:00,797 [WARN] PackLoader:240 - Cannot read IP mode file for STMicroelectronics.X-CUBE-NFC4.3.0.0
2024-10-07 10:15:00,803 [WARN] PackLoader:240 - Cannot read IP mode file for STMicroelectronics.X-CUBE-NFC6.3.1.0
2024-10-07 10:15:00,807 [WARN] PackLoader:240 - Cannot read IP mode file for STMicroelectronics.X-CUBE-NFC7.1.0.1
2024-10-07 10:15:00,811 [WARN] PackLoader:240 - Cannot read IP mode file for STMicroelectronics.X-CUBE-NFC9.1.0.0
2024-10-07 10:15:00,816 [WARN] PackLoader:240 - Cannot read IP mode file for STMicroelectronics.X-CUBE-NFC10.1.0.0
2024-10-07 10:15:00,822 [WARN] PackLoader:240 - Cannot read IP mode file for STMicroelectronics.X-CUBE-SFXS2LP1.4.0.0
2024-10-07 10:15:00,827 [WARN] PackLoader:240 - Cannot read IP mode file for STMicroelectronics.X-CUBE-SAFEA1.1.2.2
2024-10-07 10:15:00,834 [WARN] PackLoader:240 - Cannot read IP mode file for STMicroelectronics.X-CUBE-SUBG2.5.0.0
2024-10-07 10:15:00,841 [WARN] PackLoader:240 - Cannot read IP mode file for STMicroelectronics.X-CUBE-SMBUS.2.1.0
2024-10-07 10:15:00,845 [WARN] PackLoader:240 - Cannot read IP mode file for STMicroelectronics.X-CUBE-TCPP.4.1.0
2024-10-07 10:15:00,855 [WARN] PackLoader:240 - Cannot read IP mode file for STMicroelectronics.X-CUBE-TOF1.3.4.2
2024-10-07 10:15:00,873 [WARN] PackLoader:240 - Cannot read IP mode file for STMicroelectronics.X-CUBE-TOUCHGFX.4.24.1
2024-10-07 10:15:00,879 [WARN] PackLoader:240 - Cannot read IP mode file for STMicroelectronics.X-CUBE-ALGOBUILD.1.4.0
2024-10-07 10:15:00,891 [WARN] PackLoader:240 - Cannot read IP mode file for STMicroelectronics.X-CUBE-AZRTOS-H7.3.3.0
2024-10-07 10:15:00,903 [WARN] PackLoader:240 - Cannot read IP mode file for STMicroelectronics.X-CUBE-AZRTOS-H7RS.1.0.0
2024-10-07 10:15:00,916 [WARN] PackLoader:240 - Cannot read IP mode file for STMicroelectronics.X-CUBE-AZRTOS-F4.1.1.0
2024-10-07 10:15:00,929 [WARN] PackLoader:240 - Cannot read IP mode file for STMicroelectronics.X-CUBE-AZRTOS-F7.1.1.0
2024-10-07 10:15:00,941 [WARN] ConditionMgr:438 - getConditionDescription Invalid condition id : LAN8742 Phy interface Condition cause : null
2024-10-07 10:15:00,942 [WARN] PackLoader:240 - Cannot read IP mode file for STMicroelectronics.X-CUBE-AZRTOS-L4.2.0.0
2024-10-07 10:15:00,943 [WARN] ConditionMgr:1039 - genDependencies : Invalid condition id : LAN8742 Phy interface Condition cause : null
2024-10-07 10:15:00,943 [WARN] ConditionMgr:1039 - genDependencies : Invalid condition id : LAN8742 Phy interface Condition cause : null
2024-10-07 10:15:00,943 [WARN] ConditionMgr:1039 - genDependencies : Invalid condition id : LAN8742 Phy interface Condition cause : null
2024-10-07 10:15:00,953 [WARN] PackLoader:240 - Cannot read IP mode file for STMicroelectronics.X-CUBE-AZRTOS-L5.2.0.0
2024-10-07 10:15:00,964 [WARN] PackLoader:240 - Cannot read IP mode file for STMicroelectronics.X-CUBE-AZRTOS-G0.1.1.0
2024-10-07 10:15:00,975 [WARN] PackLoader:240 - Cannot read IP mode file for STMicroelectronics.X-CUBE-AZRTOS-G4.2.0.0
2024-10-07 10:15:00,983 [WARN] ConditionMgr:438 - getConditionDescription Invalid condition id : UX DEVICE CLASS RTOS Condition cause : null
2024-10-07 10:15:00,983 [WARN] ConditionMgr:438 - getConditionDescription Invalid condition id : UX DEVICE CLASS RTOS Condition cause : null
2024-10-07 10:15:00,984 [WARN] PackLoader:240 - Cannot read IP mode file for STMicroelectronics.X-CUBE-AZRTOS-WB.2.0.0
2024-10-07 10:15:00,984 [WARN] ConditionMgr:1039 - genDependencies : Invalid condition id : UX DEVICE CLASS RTOS Condition cause : null
2024-10-07 10:15:00,984 [WARN] ConditionMgr:1039 - genDependencies : Invalid condition id : UX DEVICE CLASS RTOS Condition cause : null
2024-10-07 10:15:00,985 [WARN] ConditionMgr:1039 - genDependencies : Invalid condition id : UX DEVICE CLASS RTOS Condition cause : null
2024-10-07 10:15:00,985 [WARN] ConditionMgr:1039 - genDependencies : Invalid condition id : UX DEVICE CLASS RTOS Condition cause : null
2024-10-07 10:15:00,985 [WARN] ConditionMgr:1039 - genDependencies : Invalid condition id : UX DEVICE CLASS RTOS Condition cause : null
2024-10-07 10:15:00,994 [INFO] LogOutputStream:77 - [STDOUT_REDIRECT] 1 : Invalid condition id : UX_CORESTACK_Condition cause : null
2024-10-07 10:15:00,996 [INFO] LogOutputStream:77 - [STDOUT_REDIRECT] 1 : Invalid condition id : UX_CORESTACK_Condition cause : null
2024-10-07 10:15:00,997 [INFO] LogOutputStream:77 - [STDOUT_REDIRECT] 1 : Invalid condition id : UX_CORESTACK_Condition cause : null
2024-10-07 10:15:00,999 [INFO] LogOutputStream:77 - [STDOUT_REDIRECT] 1 : Invalid condition id : UX_CORESTACK_Condition cause : null
2024-10-07 10:15:01,000 [INFO] LogOutputStream:77 - [STDOUT_REDIRECT] 1 : Invalid condition id : UX_CORESTACK_Condition cause : null
2024-10-07 10:15:01,002 [WARN] PackLoader:240 - Cannot read IP mode file for STMicroelectronics.X-CUBE-AZRTOS-WL.2.0.0
2024-10-07 10:15:01,007 [WARN] PackLoader:240 - Cannot read IP mode file for STMicroelectronics.X-CUBE-WB05N.1.1.0
2024-10-07 10:15:01,014 [WARN] PackLoader:240 - Cannot read IP mode file for wolfSSL.I-CUBE-wolfSSL.5.7.2
2024-10-07 10:15:01,019 [WARN] PackLoader:240 - Cannot read IP mode file for wolfSSL.I-CUBE-wolfMQTT.1.19.0
2024-10-07 10:15:01,022 [WARN] PackLoader:240 - Cannot read IP mode file for wolfSSL.I-CUBE-wolfTPM.3.4.0
2024-10-07 10:15:01,026 [WARN] PackLoader:240 - Cannot read IP mode file for wolfSSL.I-CUBE-wolfSSH.1.4.17
2024-10-07 10:15:01,029 [WARN] PackLoader:240 - Cannot read IP mode file for RealThread.X-CUBE-RT-Thread_Nano.4.1.1
2024-10-07 10:15:01,051 [WARN] PackLoader:240 - Cannot read IP mode file for SEGGER.I-CUBE-embOS.1.3.1
2024-10-07 10:15:01,079 [WARN] PackLoader:240 - Cannot read IP mode file for portGmbH.I-Cube-SoM-uGOAL.1.1.0
2024-10-07 10:15:01,084 [WARN] PackLoader:240 - Cannot read IP mode file for emotas.I-CUBE-CANOPEN.1.3.0
2024-10-07 10:15:01,088 [WARN] PackLoader:240 - Cannot read IP mode file for WES.I-CUBE-Cesium.1.3.0
2024-10-07 10:15:01,092 [WARN] PackLoader:240 - Cannot read IP mode file for ITTIA_DB.I-CUBE-ITTIADB.8.9.0
2024-10-07 10:15:01,103 [WARN] PackLoader:240 - Cannot read IP mode file for Infineon.AIROC-Wi-Fi-Bluetooth-STM32.1.6.1
2024-10-07 10:15:01,108 [WARN] PackLoader:240 - Cannot read IP mode file for Cesanta.I-CUBE-Mongoose.7.13.0
2024-10-07 10:15:01,160 [WARN] PackLoader:240 - Cannot read IP mode file for EmbeddedOffice.I-CUBE-FS-RTOS.1.0.1
2024-10-07 10:15:01,160 [ERROR] ConditionMgr:805 - Attr not supported : Dmpu
2024-10-07 10:15:01,160 [ERROR] ConditionMgr:805 - Attr not supported : Dmpu
2024-10-07 10:15:01,160 [ERROR] ConditionMgr:805 - Attr not supported : Dmpu
2024-10-07 10:15:01,160 [ERROR] ConditionMgr:805 - Attr not supported : Dmpu
2024-10-07 10:15:01,160 [ERROR] ConditionMgr:805 - Attr not supported : Dmpu
2024-10-07 10:15:01,160 [ERROR] ConditionMgr:805 - Attr not supported : Dmpu
2024-10-07 10:15:01,160 [ERROR] ConditionMgr:805 - Attr not supported : Dmpu
2024-10-07 10:15:01,160 [ERROR] ConditionMgr:805 - Attr not supported : Dmpu
2024-10-07 10:15:01,160 [ERROR] ConditionMgr:805 - Attr not supported : Dmpu
2024-10-07 10:15:01,160 [ERROR] ConditionMgr:805 - Attr not supported : Dmpu
2024-10-07 10:15:01,160 [ERROR] ConditionMgr:805 - Attr not supported : Dmpu
2024-10-07 10:15:01,160 [ERROR] ConditionMgr:805 - Attr not supported : Dmpu
2024-10-07 10:15:01,160 [ERROR] ConditionMgr:805 - Attr not supported : Dmpu
2024-10-07 10:15:01,160 [ERROR] ConditionMgr:805 - Attr not supported : Dmpu
2024-10-07 10:15:01,160 [ERROR] ConditionMgr:805 - Attr not supported : Dmpu
2024-10-07 10:15:01,160 [ERROR] ConditionMgr:805 - Attr not supported : Dmpu
2024-10-07 10:15:01,160 [ERROR] ConditionMgr:805 - Attr not supported : Dmpu
2024-10-07 10:15:01,160 [ERROR] ConditionMgr:805 - Attr not supported : Dmpu
2024-10-07 10:15:01,160 [ERROR] ConditionMgr:805 - Attr not supported : Dmpu
2024-10-07 10:15:01,160 [ERROR] ConditionMgr:805 - Attr not supported : Dmpu
2024-10-07 10:15:01,160 [ERROR] ConditionMgr:805 - Attr not supported : Dmpu
2024-10-07 10:15:01,161 [ERROR] ConditionMgr:805 - Attr not supported : Dmpu
2024-10-07 10:15:01,161 [ERROR] ConditionMgr:805 - Attr not supported : Dmpu
2024-10-07 10:15:01,161 [ERROR] ConditionMgr:805 - Attr not supported : Dmpu
2024-10-07 10:15:01,161 [ERROR] ConditionMgr:805 - Attr not supported : Dmpu
2024-10-07 10:15:01,161 [ERROR] ConditionMgr:805 - Attr not supported : Dmpu
2024-10-07 10:15:01,161 [ERROR] ConditionMgr:805 - Attr not supported : Dmpu
2024-10-07 10:15:01,161 [ERROR] ConditionMgr:805 - Attr not supported : Dmpu
2024-10-07 10:15:01,161 [ERROR] ConditionMgr:805 - Attr not supported : Dmpu
2024-10-07 10:15:01,161 [ERROR] ConditionMgr:805 - Attr not supported : Dmpu
2024-10-07 10:15:01,161 [ERROR] ConditionMgr:805 - Attr not supported : Dmpu
2024-10-07 10:15:01,161 [ERROR] ConditionMgr:805 - Attr not supported : Dmpu
2024-10-07 10:15:01,161 [ERROR] ConditionMgr:805 - Attr not supported : Dmpu
2024-10-07 10:15:01,161 [ERROR] ConditionMgr:805 - Attr not supported : Dmpu
2024-10-07 10:15:01,161 [ERROR] ConditionMgr:805 - Attr not supported : Dmpu
2024-10-07 10:15:01,161 [ERROR] ConditionMgr:805 - Attr not supported : Dmpu
2024-10-07 10:15:01,161 [ERROR] ConditionMgr:805 - Attr not supported : Dmpu
2024-10-07 10:15:01,161 [ERROR] ConditionMgr:805 - Attr not supported : Dmpu
2024-10-07 10:15:01,161 [ERROR] ConditionMgr:805 - Attr not supported : Dmpu
2024-10-07 10:15:01,161 [ERROR] ConditionMgr:805 - Attr not supported : Dmpu
2024-10-07 10:15:01,161 [ERROR] ConditionMgr:805 - Attr not supported : Dmpu
2024-10-07 10:15:01,161 [ERROR] ConditionMgr:805 - Attr not supported : Dmpu
2024-10-07 10:15:01,161 [ERROR] ConditionMgr:805 - Attr not supported : Dmpu
2024-10-07 10:15:01,161 [ERROR] ConditionMgr:805 - Attr not supported : Dmpu
2024-10-07 10:15:01,161 [ERROR] ConditionMgr:805 - Attr not supported : Dmpu
2024-10-07 10:15:01,161 [ERROR] ConditionMgr:805 - Attr not supported : Dmpu
2024-10-07 10:15:01,161 [ERROR] ConditionMgr:805 - Attr not supported : Dmpu
2024-10-07 10:15:01,161 [ERROR] ConditionMgr:805 - Attr not supported : Dmpu
2024-10-07 10:15:01,161 [ERROR] ConditionMgr:805 - Attr not supported : Dmpu
2024-10-07 10:15:01,161 [ERROR] ConditionMgr:805 - Attr not supported : Dmpu
2024-10-07 10:15:01,161 [ERROR] ConditionMgr:805 - Attr not supported : Dmpu
2024-10-07 10:15:01,161 [ERROR] ConditionMgr:805 - Attr not supported : Dmpu
2024-10-07 10:15:01,161 [ERROR] ConditionMgr:805 - Attr not supported : Dmpu
2024-10-07 10:15:01,161 [ERROR] ConditionMgr:805 - Attr not supported : Dmpu
2024-10-07 10:15:01,161 [ERROR] ConditionMgr:805 - Attr not supported : Dmpu
2024-10-07 10:15:01,161 [ERROR] ConditionMgr:805 - Attr not supported : Dmpu
2024-10-07 10:15:01,161 [ERROR] ConditionMgr:805 - Attr not supported : Dmpu
2024-10-07 10:15:01,161 [ERROR] ConditionMgr:805 - Attr not supported : Dmpu
2024-10-07 10:15:01,161 [ERROR] ConditionMgr:805 - Attr not supported : Dmpu
2024-10-07 10:15:01,161 [ERROR] ConditionMgr:805 - Attr not supported : Dmpu
2024-10-07 10:15:01,161 [ERROR] ConditionMgr:805 - Attr not supported : Dmpu
2024-10-07 10:15:01,161 [ERROR] ConditionMgr:805 - Attr not supported : Dmpu
2024-10-07 10:15:01,162 [ERROR] ConditionMgr:805 - Attr not supported : Dmpu
2024-10-07 10:15:01,162 [ERROR] ConditionMgr:805 - Attr not supported : Dmpu
2024-10-07 10:15:01,162 [INFO] PopulateThirdPartyThread:66 - Ending populate Thread
2024-10-07 10:15:01,164 [INFO] ThirdParty:1030 - CMSIS Pack Vendor :STMicroelectronics X-CUBE-AZRTOS-H7 3.3.0
2024-10-07 10:15:01,164 [INFO] ThirdParty:1030 - CMSIS Pack Vendor :STMicroelectronics X-CUBE-NFC9 1.0.0
2024-10-07 10:15:01,164 [INFO] ThirdParty:1030 - CMSIS Pack Vendor :STMicroelectronics FP-SNS-MOTENVWB1 1.4.0
2024-10-07 10:15:01,164 [INFO] ThirdParty:1030 - CMSIS Pack Vendor :STMicroelectronics X-CUBE-AZRTOS-F4 1.1.0
2024-10-07 10:15:01,164 [INFO] ThirdParty:1030 - CMSIS Pack Vendor :STMicroelectronics X-CUBE-SMBUS 2.1.0
2024-10-07 10:15:01,164 [INFO] ThirdParty:1030 - CMSIS Pack Vendor :STMicroelectronics X-CUBE-WB05N 1.1.0
2024-10-07 10:15:01,164 [INFO] ThirdParty:1030 - CMSIS Pack Vendor :STMicroelectronics X-CUBE-ISPU 2.1.0
2024-10-07 10:15:01,164 [INFO] ThirdParty:1030 - CMSIS Pack Vendor :STMicroelectronics X-CUBE-TCPP 4.1.0
2024-10-07 10:15:01,164 [INFO] ThirdParty:1030 - CMSIS Pack Vendor :STMicroelectronics X-CUBE-FREERTOS 1.2.0
2024-10-07 10:15:01,164 [INFO] ThirdParty:1030 - CMSIS Pack Vendor :STMicroelectronics X-CUBE-IPS 3.0.0
2024-10-07 10:15:01,164 [INFO] ThirdParty:1030 - CMSIS Pack Vendor :STMicroelectronics X-CUBE-AZRTOS-WB 2.0.0
2024-10-07 10:15:01,164 [INFO] ThirdParty:1030 - CMSIS Pack Vendor :STMicroelectronics X-CUBE-GNSS1 7.0.0
2024-10-07 10:15:01,164 [INFO] ThirdParty:1030 - CMSIS Pack Vendor :STMicroelectronics X-CUBE-AZRTOS-F7 1.1.0
2024-10-07 10:15:01,164 [INFO] ThirdParty:1030 - CMSIS Pack Vendor :STMicroelectronics X-CUBE-AZRTOS-L5 2.0.0
2024-10-07 10:15:01,164 [INFO] ThirdParty:1030 - CMSIS Pack Vendor :STMicroelectronics X-CUBE-NFC6 3.1.0
2024-10-07 10:15:01,164 [INFO] ThirdParty:1030 - CMSIS Pack Vendor :STMicroelectronics FP-SNS-STBOX1 2.0.0
2024-10-07 10:15:01,164 [INFO] ThirdParty:1030 - CMSIS Pack Vendor :STMicroelectronics X-CUBE-MEMS1 11.0.0
2024-10-07 10:15:01,164 [INFO] ThirdParty:1030 - CMSIS Pack Vendor :STMicroelectronics X-CUBE-AZRTOS-G0 1.1.0
2024-10-07 10:15:01,164 [INFO] ThirdParty:1030 - CMSIS Pack Vendor :STMicroelectronics X-CUBE-DPower 1.2.0
2024-10-07 10:15:01,164 [INFO] ThirdParty:1030 - CMSIS Pack Vendor :STMicroelectronics X-CUBE-NFC4 3.0.0
2024-10-07 10:15:01,164 [INFO] ThirdParty:1030 - CMSIS Pack Vendor :STMicroelectronics X-CUBE-SAFEA1 1.2.2
2024-10-07 10:15:01,164 [INFO] ThirdParty:1030 - CMSIS Pack Vendor :STMicroelectronics X-CUBE-SUBG2 5.0.0
2024-10-07 10:15:01,164 [INFO] ThirdParty:1030 - CMSIS Pack Vendor :EmbeddedOffice I-CUBE-FS-RTOS 1.0.1
2024-10-07 10:15:01,165 [INFO] ThirdParty:1030 - CMSIS Pack Vendor :STMicroelectronics FP-SNS-FLIGHT1 5.0.2
2024-10-07 10:15:01,165 [INFO] ThirdParty:1030 - CMSIS Pack Vendor :Cesanta I-CUBE-Mongoose 7.13.0
2024-10-07 10:15:01,165 [INFO] ThirdParty:1030 - CMSIS Pack Vendor :STMicroelectronics X-CUBE-AZRTOS-G4 2.0.0
2024-10-07 10:15:01,165 [INFO] ThirdParty:1030 - CMSIS Pack Vendor :STMicroelectronics X-CUBE-DISPLAY 3.0.0
2024-10-07 10:15:01,165 [INFO] ThirdParty:1030 - CMSIS Pack Vendor :RealThread X-CUBE-RT-Thread_Nano 4.1.1
2024-10-07 10:15:01,165 [INFO] ThirdParty:1030 - CMSIS Pack Vendor :STMicroelectronics FP-ATR-SIGFOX1 3.2.0
2024-10-07 10:15:01,165 [INFO] ThirdParty:1030 - CMSIS Pack Vendor :STMicroelectronics X-CUBE-BLE1 7.0.0
2024-10-07 10:15:01,165 [INFO] ThirdParty:1030 - CMSIS Pack Vendor :STMicroelectronics X-CUBE-NFC10 1.0.0
2024-10-07 10:15:01,165 [INFO] ThirdParty:1030 - CMSIS Pack Vendor :wolfSSL I-CUBE-wolfSSL 5.7.2
2024-10-07 10:15:01,165 [INFO] ThirdParty:1030 - CMSIS Pack Vendor :STMicroelectronics X-CUBE-EEPRMA1 5.1.0
2024-10-07 10:15:01,165 [INFO] ThirdParty:1030 - CMSIS Pack Vendor :STMicroelectronics X-CUBE-ALS 1.0.2
2024-10-07 10:15:01,165 [INFO] ThirdParty:1030 - CMSIS Pack Vendor :emotas I-CUBE-CANOPEN 1.3.0
2024-10-07 10:15:01,165 [INFO] ThirdParty:1030 - CMSIS Pack Vendor :STMicroelectronics X-CUBE-NFC7 1.0.1
2024-10-07 10:15:01,165 [INFO] ThirdParty:1030 - CMSIS Pack Vendor :ITTIA_DB I-CUBE-ITTIADB 8.9.0
2024-10-07 10:15:01,165 [INFO] ThirdParty:1030 - CMSIS Pack Vendor :STMicroelectronics X-CUBE-TOUCHGFX 4.24.1
2024-10-07 10:15:01,165 [INFO] ThirdParty:1030 - CMSIS Pack Vendor :wolfSSL I-CUBE-wolfTPM 3.4.0
2024-10-07 10:15:01,165 [INFO] ThirdParty:1030 - CMSIS Pack Vendor :portGmbH I-Cube-SoM-uGOAL 1.1.0
2024-10-07 10:15:01,165 [INFO] ThirdParty:1030 - CMSIS Pack Vendor :STMicroelectronics X-CUBE-BLEMGR 3.1.0
2024-10-07 10:15:01,165 [INFO] ThirdParty:1030 - CMSIS Pack Vendor :STMicroelectronics FP-SNS-SMARTAG2 1.2.0
2024-10-07 10:15:01,165 [INFO] ThirdParty:1030 - CMSIS Pack Vendor :STMicroelectronics X-CUBE-AZRTOS-WL 2.0.0
2024-10-07 10:15:01,165 [INFO] ThirdParty:1030 - CMSIS Pack Vendor :SEGGER I-CUBE-embOS 1.3.1
2024-10-07 10:15:01,165 [INFO] ThirdParty:1030 - CMSIS Pack Vendor :STMicroelectronics X-CUBE-ALGOBUILD 1.4.0
2024-10-07 10:15:01,165 [INFO] ThirdParty:1030 - CMSIS Pack Vendor :STMicroelectronics FP-SNS-MOTENV1 5.0.0
2024-10-07 10:15:01,165 [INFO] ThirdParty:1030 - CMSIS Pack Vendor :STMicroelectronics X-CUBE-AZRTOS-H7RS 1.0.0
2024-10-07 10:15:01,165 [INFO] ThirdParty:1030 - CMSIS Pack Vendor :wolfSSL I-CUBE-wolfMQTT 1.19.0
2024-10-07 10:15:01,165 [INFO] ThirdParty:1030 - CMSIS Pack Vendor :STMicroelectronics X-CUBE-AZRTOS-L4 2.0.0
2024-10-07 10:15:01,165 [INFO] ThirdParty:1030 - CMSIS Pack Vendor :STMicroelectronics FP-ATR-ASTRA1 2.0.0
2024-10-07 10:15:01,165 [INFO] ThirdParty:1030 - CMSIS Pack Vendor :WES I-CUBE-Cesium 1.3.0
2024-10-07 10:15:01,165 [INFO] ThirdParty:1030 - CMSIS Pack Vendor :STMicroelectronics X-CUBE-SFXS2LP1 4.0.0
2024-10-07 10:15:01,165 [INFO] ThirdParty:1030 - CMSIS Pack Vendor :STMicroelectronics X-CUBE-BLE2 3.3.0
2024-10-07 10:15:01,165 [INFO] ThirdParty:1030 - CMSIS Pack Vendor :STMicroelectronics X-CUBE-TOF1 3.4.2
2024-10-07 10:15:01,165 [INFO] ThirdParty:1030 - CMSIS Pack Vendor :STMicroelectronics X-CUBE-AI 9.1.0
2024-10-07 10:15:01,165 [INFO] ThirdParty:1030 - CMSIS Pack Vendor :Infineon AIROC-Wi-Fi-Bluetooth-STM32 1.6.1
2024-10-07 10:15:01,165 [INFO] ThirdParty:1030 - CMSIS Pack Vendor :wolfSSL I-CUBE-wolfSSH 1.4.17
2024-10-07 10:15:01,166 [INFO] LoadServerUpdatesThread:375 - End of LoadServerUpdate Thread
2024-10-07 11:03:58,414 [ERROR] LogOutputStream:75 - [STDERR_REDIRECT] 
